[0/2] Re-checking globbed directories...
[1/11] Building C object zr_vm_library\CMakeFiles\zr_vm_library_shared.dir\src\zr_vm_library\native_binding_metadata.c.obj
cl: 命令行 warning D9025 :正在重写“/W3”(用“/W4”)
注意: 包含文件:  E:\Git\zr_vm\zr_vm_library\src\zr_vm_library\native_binding_internal.h
注意: 包含文件:   E:\Git\zr_vm\zr_vm_library\include\zr_vm_library/native_binding.h
注意: 包含文件:    E:\Git\zr_vm\zr_vm_library\include\zr_vm_library/conf.h
注意: 包含文件:     E:\Git\zr_vm\zr_vm_common\include\zr_vm_common.h
注意: 包含文件:      E:\Git\zr_vm\zr_vm_common\include\zr_vm_common/zr_abi_conf.h
注意: 包含文件:       E:\Git\zr_vm\zr_vm_common\include\zr_vm_common/zr_common_conf.h
注意: 包含文件:        D:\Windows Kits\10\include\10.0.26100.0\ucrt\stdlib.h
注意: 包含文件:         D:\Windows Kits\10\include\10.0.26100.0\ucrt\corecrt.h
注意: 包含文件:          E:\Visual Studio\VC\Tools\MSVC\14.44.35207\include\vcruntime.h
注意: 包含文件:           E:\Visual Studio\VC\Tools\MSVC\14.44.35207\include\sal.h
注意: 包含文件:            E:\Visual Studio\VC\Tools\MSVC\14.44.35207\include\concurrencysal.h
注意: 包含文件:           E:\Visual Studio\VC\Tools\MSVC\14.44.35207\include\vadefs.h
注意: 包含文件:         D:\Windows Kits\10\include\10.0.26100.0\ucrt\corecrt_malloc.h
注意: 包含文件:         D:\Windows Kits\10\include\10.0.26100.0\ucrt\corecrt_search.h
注意: 包含文件:          D:\Windows Kits\10\include\10.0.26100.0\ucrt\stddef.h
注意: 包含文件:         D:\Windows Kits\10\include\10.0.26100.0\ucrt\corecrt_wstdlib.h
注意: 包含文件:         E:\Visual Studio\VC\Tools\MSVC\14.44.35207\include\limits.h
注意: 包含文件:        D:\Windows Kits\10\include\10.0.26100.0\ucrt\assert.h
注意: 包含文件:        E:\Visual Studio\VC\Tools\MSVC\14.44.35207\include\setjmp.h
注意: 包含文件:        D:\Windows Kits\10\include\10.0.26100.0\ucrt\signal.h
注意: 包含文件:        D:\Windows Kits\10\include\10.0.26100.0\ucrt\stdalign.h
注意: 包含文件:        E:\Visual Studio\VC\Tools\MSVC\14.44.35207\include\stdint.h
注意: 包含文件:      E:\Git\zr_vm\zr_vm_common\include\zr_vm_common/zr_api_conf.h
注意: 包含文件:      E:\Git\zr_vm\zr_vm_common\include\zr_vm_common/zr_array_conf.h
注意: 包含文件:      E:\Git\zr_vm\zr_vm_common\include\zr_vm_common/zr_constant_reference_conf.h
注意: 包含文件:      E:\Git\zr_vm\zr_vm_common\include\zr_vm_common/zr_contract_conf.h
注意: 包含文件:      E:\Git\zr_vm\zr_vm_common\include\zr_vm_common/zr_gc_internal_conf.h
注意: 包含文件:      E:\Git\zr_vm\zr_vm_common\include\zr_vm_common/zr_hash_conf.h
注意: 包含文件:      E:\Git\zr_vm\zr_vm_common\include\zr_vm_common/zr_instruction_conf.h
注意: 包含文件:       E:\Git\zr_vm\zr_vm_common\include\zr_vm_common/zr_type_conf.h
注意: 包含文件:      E:\Git\zr_vm\zr_vm_common\include\zr_vm_common/zr_io_conf.h
注意: 包含文件:      E:\Git\zr_vm\zr_vm_common\include\zr_vm_common/zr_log_conf.h
注意: 包含文件:      E:\Git\zr_vm\zr_vm_common\include\zr_vm_common/zr_memory_conf.h
注意: 包含文件:      E:\Git\zr_vm\zr_vm_common\include\zr_vm_common/zr_meta_conf.h
注意: 包含文件:      E:\Git\zr_vm\zr_vm_common\include\zr_vm_common/zr_object_conf.h
注意: 包含文件:      E:\Git\zr_vm\zr_vm_common\include\zr_vm_common/zr_parser_conf.h
注意: 包含文件:      E:\Git\zr_vm\zr_vm_common\include\zr_vm_common/zr_path_conf.h
注意: 包含文件:      E:\Git\zr_vm\zr_vm_common\include\zr_vm_common/zr_runtime_limits_conf.h
注意: 包含文件:      E:\Git\zr_vm\zr_vm_common\include\zr_vm_common/zr_runtime_sentinel_conf.h
注意: 包含文件:      E:\Git\zr_vm\zr_vm_common\include\zr_vm_common/zr_string_conf.h
注意: 包含文件:       D:\Windows Kits\10\include\10.0.26100.0\ucrt\inttypes.h
注意: 包含文件:       D:\Windows Kits\10\include\10.0.26100.0\ucrt\locale.h
注意: 包含文件:       D:\Windows Kits\10\include\10.0.26100.0\ucrt\stdio.h
注意: 包含文件:        D:\Windows Kits\10\include\10.0.26100.0\ucrt\corecrt_wstdio.h
注意: 包含文件:         D:\Windows Kits\10\include\10.0.26100.0\ucrt\corecrt_stdio_config.h
注意: 包含文件:      E:\Git\zr_vm\zr_vm_common\include\zr_vm_common/zr_thread_conf.h
注意: 包含文件:      E:\Git\zr_vm\zr_vm_common\include\zr_vm_common/zr_version_info.h
注意: 包含文件:      E:\Git\zr_vm\zr_vm_common\include\zr_vm_common/zr_vm_conf.h
注意: 包含文件:     E:\Git\zr_vm\zr_vm_core\include\zr_vm_core.h
注意: 包含文件:      E:\Git\zr_vm\zr_vm_core\include\zr_vm_core/array.h
注意: 包含文件:       E:\Git\zr_vm\zr_vm_core\include\zr_vm_core/conf.h
注意: 包含文件:       E:\Git\zr_vm\zr_vm_core\include\zr_vm_core/conversion.h
注意: 包含文件:       E:\Git\zr_vm\zr_vm_core\include\zr_vm_core/math.h
注意: 包含文件:       E:\Git\zr_vm\zr_vm_core\include\zr_vm_core/memory.h
注意: 包含文件:        D:\Windows Kits\10\include\10.0.26100.0\ucrt\string.h
注意: 包含文件:         D:\Windows Kits\10\include\10.0.26100.0\ucrt\corecrt_memory.h
注意: 包含文件:          D:\Windows Kits\10\include\10.0.26100.0\ucrt\corecrt_memcpy_s.h
注意: 包含文件:           D:\Windows Kits\10\include\10.0.26100.0\ucrt\errno.h
注意: 包含文件:           E:\Visual Studio\VC\Tools\MSVC\14.44.35207\include\vcruntime_string.h
注意: 包含文件:         D:\Windows Kits\10\include\10.0.26100.0\ucrt\corecrt_wstring.h
注意: 包含文件:        E:\Git\zr_vm\zr_vm_core\include\zr_vm_core/global.h
注意: 包含文件:         E:\Git\zr_vm\zr_vm_core\include\zr_vm_core/callback.h
注意: 包含文件:          E:\Git\zr_vm\zr_vm_core\include\zr_vm_core/exception.h
注意: 包含文件:           E:\Git\zr_vm\zr_vm_core\include\zr_vm_core/stack.h
注意: 包含文件:            E:\Git\zr_vm\zr_vm_core\include\zr_vm_core/value.h
注意: 包含文件:             E:\Git\zr_vm\zr_vm_core\include\zr_vm_core/raw_object.h
注意: 包含文件:         E:\Git\zr_vm\zr_vm_core\include\zr_vm_core/io.h
注意: 包含文件:         E:\Git\zr_vm\zr_vm_core\include\zr_vm_core/log.h
注意: 包含文件:        E:\Git\zr_vm\zr_vm_core\include\zr_vm_core/state.h
注意: 包含文件:         E:\Git\zr_vm\zr_vm_core\include\zr_vm_core/call_info.h
注意: 包含文件:         E:\Git\zr_vm\zr_vm_core\include\zr_vm_core/closure.h
注意: 包含文件:          E:\Git\zr_vm\zr_vm_core\include\zr_vm_core/function.h
注意: 包含文件:         E:\Git\zr_vm\zr_vm_core\include\zr_vm_core/debug.h
注意: 包含文件:      E:\Git\zr_vm\zr_vm_core\include\zr_vm_core/execution.h
注意: 包含文件:      E:\Git\zr_vm\zr_vm_core\include\zr_vm_core/gc.h
注意: 包含文件:      E:\Git\zr_vm\zr_vm_core\include\zr_vm_core/hash.h
注意: 包含文件:      E:\Git\zr_vm\zr_vm_core\include\zr_vm_core/hash_set.h
注意: 包含文件:      E:\Git\zr_vm\zr_vm_core\include\zr_vm_core/meta.h
注意: 包含文件:      E:\Git\zr_vm\zr_vm_core\include\zr_vm_core/module.h
注意: 包含文件:       E:\Git\zr_vm\zr_vm_core\include\zr_vm_core/object.h
注意: 包含文件:        E:\Git\zr_vm\zr_vm_core\include\zr_vm_core/string.h
注意: 包含文件:         E:\Visual Studio\VC\Tools\MSVC\14.44.35207\include\stdarg.h
注意: 包含文件:         E:\Git\zr_vm\zr_vm_core\include\zr_vm_core/utf8.h
注意: 包含文件:      E:\Git\zr_vm\zr_vm_core\include\zr_vm_core/native.h
注意: 包含文件:      E:\Git\zr_vm\zr_vm_core\include\zr_vm_core/type.h
注意: 包含文件:   E:\Git\zr_vm\zr_vm_library\include\zr_vm_library/file.h
注意: 包含文件:   E:\Git\zr_vm\zr_vm_library\include\zr_vm_library/native_hints.h
注意: 包含文件:   E:\Git\zr_vm\zr_vm_library\include\zr_vm_library/native_registry.h
注意: 包含文件:   E:\Git\zr_vm\zr_vm_library\include\zr_vm_library/project.h
注意: 包含文件:   D:\Windows Kits\10\include\10.0.26100.0\ucrt\ctype.h
注意: 包含文件:    D:\Windows Kits\10\include\10.0.26100.0\ucrt\corecrt_wctype.h
注意: 包含文件:   D:\Windows Kits\10\include\10.0.26100.0\um\windows.h
注意: 包含文件:    D:\Windows Kits\10\include\10.0.26100.0\shared\winapifamily.h
注意: 包含文件:     D:\Windows Kits\10\include\10.0.26100.0\shared\winpackagefamily.h
注意: 包含文件:    D:\Windows Kits\10\include\10.0.26100.0\shared\sdkddkver.h
注意: 包含文件:    E:\Visual Studio\VC\Tools\MSVC\14.44.35207\include\excpt.h
注意: 包含文件:    D:\Windows Kits\10\include\10.0.26100.0\shared\windef.h
注意: 包含文件:     D:\Windows Kits\10\include\10.0.26100.0\shared\minwindef.h
注意: 包含文件:      D:\Windows Kits\10\include\10.0.26100.0\shared\specstrings.h
注意: 包含文件:       D:\Windows Kits\10\include\10.0.26100.0\shared\specstrings_strict.h
注意: 包含文件:        D:\Windows Kits\10\include\10.0.26100.0\shared\specstrings_undef.h
注意: 包含文件:       D:\Windows Kits\10\include\10.0.26100.0\shared\driverspecs.h
注意: 包含文件:        D:\Windows Kits\10\include\10.0.26100.0\shared\sdv_driverspecs.h
注意: 包含文件:      D:\Windows Kits\10\include\10.0.26100.0\um\winnt.h
注意: 包含文件:       D:\Windows Kits\10\include\10.0.26100.0\shared\kernelspecs.h
注意: 包含文件:       D:\Windows Kits\10\include\10.0.26100.0\shared\basetsd.h
注意: 包含文件:       D:\Windows Kits\10\include\10.0.26100.0\shared\guiddef.h
注意: 包含文件:       D:\Windows Kits\10\include\10.0.26100.0\shared\pshpack4.h
注意: 包含文件:       D:\Windows Kits\10\include\10.0.26100.0\shared\poppack.h
注意: 包含文件:       D:\Windows Kits\10\include\10.0.26100.0\shared\pshpack4.h
注意: 包含文件:       D:\Windows Kits\10\include\10.0.26100.0\shared\poppack.h
注意: 包含文件:       D:\Windows Kits\10\include\10.0.26100.0\shared\pshpack4.h
注意: 包含文件:       D:\Windows Kits\10\include\10.0.26100.0\shared\pshpack2.h
注意: 包含文件:       D:\Windows Kits\10\include\10.0.26100.0\shared\poppack.h
注意: 包含文件:       D:\Windows Kits\10\include\10.0.26100.0\shared\pshpack2.h
注意: 包含文件:       D:\Windows Kits\10\include\10.0.26100.0\shared\pshpack2.h
注意: 包含文件:       D:\Windows Kits\10\include\10.0.26100.0\shared\poppack.h
注意: 包含文件:       D:\Windows Kits\10\include\10.0.26100.0\shared\poppack.h
注意: 包含文件:       D:\Windows Kits\10\include\10.0.26100.0\shared\pshpack8.h
注意: 包含文件:       D:\Windows Kits\10\include\10.0.26100.0\shared\poppack.h
注意: 包含文件:       D:\Windows Kits\10\include\10.0.26100.0\shared\pshpack1.h
注意: 包含文件:       D:\Windows Kits\10\include\10.0.26100.0\shared\poppack.h
注意: 包含文件:       D:\Windows Kits\10\include\10.0.26100.0\shared\pshpack1.h
注意: 包含文件:       D:\Windows Kits\10\include\10.0.26100.0\shared\poppack.h
注意: 包含文件:       D:\Windows Kits\10\include\10.0.26100.0\shared\poppack.h
注意: 包含文件:       D:\Windows Kits\10\include\10.0.26100.0\shared\apiset.h
注意: 包含文件:       D:\Windows Kits\10\include\10.0.26100.0\shared\ktmtypes.h
注意: 包含文件:    D:\Windows Kits\10\include\10.0.26100.0\um\winbase.h
注意: 包含文件:     D:\Windows Kits\10\include\10.0.26100.0\shared\apisetcconv.h
注意: 包含文件:     D:\Windows Kits\10\include\10.0.26100.0\um\minwinbase.h
注意: 包含文件:     D:\Windows Kits\10\include\10.0.26100.0\um\apiquery2.h
注意: 包含文件:     D:\Windows Kits\10\include\10.0.26100.0\um\processenv.h
注意: 包含文件:     D:\Windows Kits\10\include\10.0.26100.0\um\fileapifromapp.h
注意: 包含文件:      D:\Windows Kits\10\include\10.0.26100.0\um\fileapi.h
注意: 包含文件:     D:\Windows Kits\10\include\10.0.26100.0\um\debugapi.h
注意: 包含文件:     D:\Windows Kits\10\include\10.0.26100.0\um\utilapiset.h
注意: 包含文件:     D:\Windows Kits\10\include\10.0.26100.0\um\handleapi.h
注意: 包含文件:     D:\Windows Kits\10\include\10.0.26100.0\um\errhandlingapi.h
注意: 包含文件:     D:\Windows Kits\10\include\10.0.26100.0\um\fibersapi.h
注意: 包含文件:     D:\Windows Kits\10\include\10.0.26100.0\um\namedpipeapi.h
注意: 包含文件:     D:\Windows Kits\10\include\10.0.26100.0\um\profileapi.h
注意: 包含文件:     D:\Windows Kits\10\include\10.0.26100.0\um\heapapi.h
注意: 包含文件:     D:\Windows Kits\10\include\10.0.26100.0\um\ioapiset.h
注意: 包含文件:     D:\Windows Kits\10\include\10.0.26100.0\um\synchapi.h
注意: 包含文件:     D:\Windows Kits\10\include\10.0.26100.0\um\interlockedapi.h
注意: 包含文件:     D:\Windows Kits\10\include\10.0.26100.0\um\processthreadsapi.h
注意: 包含文件:     D:\Windows Kits\10\include\10.0.26100.0\um\sysinfoapi.h
注意: 包含文件:     D:\Windows Kits\10\include\10.0.26100.0\um\memoryapi.h
注意: 包含文件:     D:\Windows Kits\10\include\10.0.26100.0\um\enclaveapi.h
注意: 包含文件:     D:\Windows Kits\10\include\10.0.26100.0\um\threadpoollegacyapiset.h
注意: 包含文件:     D:\Windows Kits\10\include\10.0.26100.0\um\threadpoolapiset.h
注意: 包含文件:     D:\Windows Kits\10\include\10.0.26100.0\um\jobapi.h
注意: 包含文件:     D:\Windows Kits\10\include\10.0.26100.0\um\jobapi2.h
注意: 包含文件:     D:\Windows Kits\10\include\10.0.26100.0\um\wow64apiset.h
注意: 包含文件:     D:\Windows Kits\10\include\10.0.26100.0\um\libloaderapi.h
注意: 包含文件:     D:\Windows Kits\10\include\10.0.26100.0\um\securitybaseapi.h
注意: 包含文件:     D:\Windows Kits\10\include\10.0.26100.0\um\namespaceapi.h
注意: 包含文件:     D:\Windows Kits\10\include\10.0.26100.0\um\systemtopologyapi.h
注意: 包含文件:     D:\Windows Kits\10\include\10.0.26100.0\um\processtopologyapi.h
注意: 包含文件:     D:\Windows Kits\10\include\10.0.26100.0\um\securityappcontainer.h
注意: 包含文件:     D:\Windows Kits\10\include\10.0.26100.0\um\realtimeapiset.h
注意: 包含文件:     D:\Windows Kits\10\include\10.0.26100.0\shared\winerror.h
注意: 包含文件:     D:\Windows Kits\10\include\10.0.26100.0\um\timezoneapi.h
注意: 包含文件:    D:\Windows Kits\10\include\10.0.26100.0\um\wingdi.h
注意: 包含文件:     D:\Windows Kits\10\include\10.0.26100.0\shared\pshpack1.h
注意: 包含文件:     D:\Windows Kits\10\include\10.0.26100.0\shared\poppack.h
注意: 包含文件:     D:\Windows Kits\10\include\10.0.26100.0\shared\pshpack2.h
注意: 包含文件:     D:\Windows Kits\10\include\10.0.26100.0\shared\poppack.h
注意: 包含文件:     D:\Windows Kits\10\include\10.0.26100.0\shared\pshpack2.h
注意: 包含文件:     D:\Windows Kits\10\include\10.0.26100.0\shared\poppack.h
注意: 包含文件:     D:\Windows Kits\10\include\10.0.26100.0\shared\pshpack4.h
注意: 包含文件:     D:\Windows Kits\10\include\10.0.26100.0\shared\poppack.h
注意: 包含文件:     D:\Windows Kits\10\include\10.0.26100.0\shared\pshpack4.h
注意: 包含文件:     D:\Windows Kits\10\include\10.0.26100.0\shared\poppack.h
注意: 包含文件:    D:\Windows Kits\10\include\10.0.26100.0\um\winuser.h
注意: 包含文件:     D:\Windows Kits\10\include\10.0.26100.0\shared\pshpack2.h
注意: 包含文件:     D:\Windows Kits\10\include\10.0.26100.0\shared\poppack.h
注意: 包含文件:     D:\Windows Kits\10\include\10.0.26100.0\shared\tvout.h
注意: 包含文件:    D:\Windows Kits\10\include\10.0.26100.0\um\winnls.h
注意: 包含文件:     D:\Windows Kits\10\include\10.0.26100.0\um\datetimeapi.h
注意: 包含文件:     D:\Windows Kits\10\include\10.0.26100.0\um\stringapiset.h
注意: 包含文件:      D:\Windows Kits\10\include\10.0.26100.0\um\winnls.h
注意: 包含文件:    D:\Windows Kits\10\include\10.0.26100.0\um\wincon.h
注意: 包含文件:     D:\Windows Kits\10\include\10.0.26100.0\um\wincontypes.h
注意: 包含文件:     D:\Windows Kits\10\include\10.0.26100.0\um\consoleapi.h
注意: 包含文件:     D:\Windows Kits\10\include\10.0.26100.0\um\consoleapi2.h
注意: 包含文件:     D:\Windows Kits\10\include\10.0.26100.0\um\consoleapi3.h
注意: 包含文件:    D:\Windows Kits\10\include\10.0.26100.0\um\winver.h
注意: 包含文件:     D:\Windows Kits\10\include\10.0.26100.0\um\verrsrc.h
注意: 包含文件:    D:\Windows Kits\10\include\10.0.26100.0\um\winreg.h
注意: 包含文件:     D:\Windows Kits\10\include\10.0.26100.0\um\reason.h
注意: 包含文件:    D:\Windows Kits\10\include\10.0.26100.0\um\winnetwk.h
注意: 包含文件:     D:\Windows Kits\10\include\10.0.26100.0\shared\wnnc.h
注意: 包含文件:    D:\Windows Kits\10\include\10.0.26100.0\shared\cderr.h
注意: 包含文件:    D:\Windows Kits\10\include\10.0.26100.0\um\dde.h
注意: 包含文件:    D:\Windows Kits\10\include\10.0.26100.0\um\ddeml.h
注意: 包含文件:    D:\Windows Kits\10\include\10.0.26100.0\um\dlgs.h
注意: 包含文件:    D:\Windows Kits\10\include\10.0.26100.0\um\lzexpand.h
注意: 包含文件:    D:\Windows Kits\10\include\10.0.26100.0\um\mmsystem.h
注意: 包含文件:     D:\Windows Kits\10\include\10.0.26100.0\um\mmsyscom.h
注意: 包含文件:      D:\Windows Kits\10\include\10.0.26100.0\shared\pshpack1.h
注意: 包含文件:      D:\Windows Kits\10\include\10.0.26100.0\shared\poppack.h
注意: 包含文件:     D:\Windows Kits\10\include\10.0.26100.0\shared\pshpack1.h
注意: 包含文件:     D:\Windows Kits\10\include\10.0.26100.0\um\mciapi.h
注意: 包含文件:     D:\Windows Kits\10\include\10.0.26100.0\um\mmiscapi.h
注意: 包含文件:     D:\Windows Kits\10\include\10.0.26100.0\um\mmiscapi2.h
注意: 包含文件:     D:\Windows Kits\10\include\10.0.26100.0\um\playsoundapi.h
注意: 包含文件:     D:\Windows Kits\10\include\10.0.26100.0\um\mmeapi.h
注意: 包含文件:     D:\Windows Kits\10\include\10.0.26100.0\um\timeapi.h
注意: 包含文件:     D:\Windows Kits\10\include\10.0.26100.0\um\joystickapi.h
注意: 包含文件:     D:\Windows Kits\10\include\10.0.26100.0\shared\poppack.h
注意: 包含文件:    D:\Windows Kits\10\include\10.0.26100.0\um\nb30.h
注意: 包含文件:    D:\Windows Kits\10\include\10.0.26100.0\shared\rpc.h
注意: 包含文件:     D:\Windows Kits\10\include\10.0.26100.0\shared\pshpack8.h
注意: 包含文件:     D:\Windows Kits\10\include\10.0.26100.0\shared\rpcdce.h
注意: 包含文件:      D:\Windows Kits\10\include\10.0.26100.0\shared\rpcdcep.h
注意: 包含文件:     D:\Windows Kits\10\include\10.0.26100.0\um\rpcnsi.h
注意: 包含文件:     D:\Windows Kits\10\include\10.0.26100.0\shared\rpcnterr.h
注意: 包含文件:     D:\Windows Kits\10\include\10.0.26100.0\shared\rpcasync.h
注意: 包含文件:      D:\Windows Kits\10\include\10.0.26100.0\shared\pshpack8.h
注意: 包含文件:      D:\Windows Kits\10\include\10.0.26100.0\shared\poppack.h
注意: 包含文件:     D:\Windows Kits\10\include\10.0.26100.0\shared\poppack.h
注意: 包含文件:    D:\Windows Kits\10\include\10.0.26100.0\um\shellapi.h
注意: 包含文件:    D:\Windows Kits\10\include\10.0.26100.0\um\winperf.h
注意: 包含文件:     D:\Windows Kits\10\include\10.0.26100.0\shared\pshpack8.h
注意: 包含文件:     D:\Windows Kits\10\include\10.0.26100.0\shared\poppack.h
注意: 包含文件:    D:\Windows Kits\10\include\10.0.26100.0\um\winsock.h
注意: 包含文件:     D:\Windows Kits\10\include\10.0.26100.0\shared\inaddr.h
注意: 包含文件:    D:\Windows Kits\10\include\10.0.26100.0\um\wincrypt.h
注意: 包含文件:     D:\Windows Kits\10\include\10.0.26100.0\shared\bcrypt.h
注意: 包含文件:     D:\Windows Kits\10\include\10.0.26100.0\um\ncrypt.h
注意: 包含文件:     D:\Windows Kits\10\include\10.0.26100.0\um\dpapi.h
注意: 包含文件:    D:\Windows Kits\10\include\10.0.26100.0\um\winefs.h
注意: 包含文件:    D:\Windows Kits\10\include\10.0.26100.0\um\winscard.h
注意: 包含文件:     D:\Windows Kits\10\include\10.0.26100.0\shared\wtypes.h
注意: 包含文件:      D:\Windows Kits\10\include\10.0.26100.0\shared\rpcndr.h
注意: 包含文件:       D:\Windows Kits\10\include\10.0.26100.0\shared\pshpack8.h
注意: 包含文件:       D:\Windows Kits\10\include\10.0.26100.0\um\rpcnsip.h
注意: 包含文件:       D:\Windows Kits\10\include\10.0.26100.0\shared\rpcsal.h
注意: 包含文件:       D:\Windows Kits\10\include\10.0.26100.0\shared\poppack.h
注意: 包含文件:      D:\Windows Kits\10\include\10.0.26100.0\shared\wtypesbase.h
注意: 包含文件:       D:\Windows Kits\10\include\10.0.26100.0\shared\guiddef.h
注意: 包含文件:     D:\Windows Kits\10\include\10.0.26100.0\um\winioctl.h
注意: 包含文件:      D:\Windows Kits\10\include\10.0.26100.0\shared\pshpack1.h
注意: 包含文件:      D:\Windows Kits\10\include\10.0.26100.0\shared\poppack.h
注意: 包含文件:      D:\Windows Kits\10\include\10.0.26100.0\shared\pshpack1.h
注意: 包含文件:      D:\Windows Kits\10\include\10.0.26100.0\shared\poppack.h
注意: 包含文件:      D:\Windows Kits\10\include\10.0.26100.0\shared\pshpack1.h
注意: 包含文件:      D:\Windows Kits\10\include\10.0.26100.0\shared\poppack.h
注意: 包含文件:      D:\Windows Kits\10\include\10.0.26100.0\shared\pshpack1.h
注意: 包含文件:      D:\Windows Kits\10\include\10.0.26100.0\shared\poppack.h
注意: 包含文件:      D:\Windows Kits\10\include\10.0.26100.0\shared\pshpack1.h
注意: 包含文件:      D:\Windows Kits\10\include\10.0.26100.0\shared\poppack.h
注意: 包含文件:      D:\Windows Kits\10\include\10.0.26100.0\shared\pshpack1.h
注意: 包含文件:      D:\Windows Kits\10\include\10.0.26100.0\shared\poppack.h
注意: 包含文件:      D:\Windows Kits\10\include\10.0.26100.0\shared\pshpack1.h
注意: 包含文件:      D:\Windows Kits\10\include\10.0.26100.0\shared\poppack.h
注意: 包含文件:     D:\Windows Kits\10\include\10.0.26100.0\shared\winsmcrd.h
注意: 包含文件:    D:\Windows Kits\10\include\10.0.26100.0\um\winspool.h
注意: 包含文件:     D:\Windows Kits\10\include\10.0.26100.0\um\prsht.h
注意: 包含文件:      D:\Windows Kits\10\include\10.0.26100.0\shared\pshpack8.h
注意: 包含文件:      D:\Windows Kits\10\include\10.0.26100.0\shared\poppack.h
注意: 包含文件:    D:\Windows Kits\10\include\10.0.26100.0\um\ole2.h
注意: 包含文件:     D:\Windows Kits\10\include\10.0.26100.0\shared\pshpack8.h
注意: 包含文件:     D:\Windows Kits\10\include\10.0.26100.0\um\objbase.h
注意: 包含文件:      D:\Windows Kits\10\include\10.0.26100.0\shared\pshpack8.h
注意: 包含文件:      D:\Windows Kits\10\include\10.0.26100.0\um\combaseapi.h
注意: 包含文件:       D:\Windows Kits\10\include\10.0.26100.0\shared\pshpack8.h
注意: 包含文件:       D:\Windows Kits\10\include\10.0.26100.0\um\unknwnbase.h
注意: 包含文件:       D:\Windows Kits\10\include\10.0.26100.0\um\objidlbase.h
注意: 包含文件:       D:\Windows Kits\10\include\10.0.26100.0\shared\guiddef.h
注意: 包含文件:       D:\Windows Kits\10\include\10.0.26100.0\um\cguid.h
注意: 包含文件:       D:\Windows Kits\10\include\10.0.26100.0\shared\poppack.h
注意: 包含文件:      D:\Windows Kits\10\include\10.0.26100.0\um\coml2api.h
注意: 包含文件:       D:\Windows Kits\10\include\10.0.26100.0\um\objidl.h
注意: 包含文件:        D:\Windows Kits\10\include\10.0.26100.0\um\unknwn.h
注意: 包含文件:       D:\Windows Kits\10\include\10.0.26100.0\um\propidlbase.h
注意: 包含文件:        D:\Windows Kits\10\include\10.0.26100.0\um\oaidl.h
注意: 包含文件:      D:\Windows Kits\10\include\10.0.26100.0\um\urlmon.h
注意: 包含文件:       D:\Windows Kits\10\include\10.0.26100.0\um\oleidl.h
注意: 包含文件:       D:\Windows Kits\10\include\10.0.26100.0\um\servprov.h
注意: 包含文件:       D:\Windows Kits\10\include\10.0.26100.0\um\msxml.h
注意: 包含文件:      D:\Windows Kits\10\include\10.0.26100.0\um\propidl.h
注意: 包含文件:      D:\Windows Kits\10\include\10.0.26100.0\shared\poppack.h
注意: 包含文件:     D:\Windows Kits\10\include\10.0.26100.0\um\oleauto.h
注意: 包含文件:      D:\Windows Kits\10\include\10.0.26100.0\shared\pshpack8.h
注意: 包含文件:      D:\Windows Kits\10\include\10.0.26100.0\shared\poppack.h
注意: 包含文件:     D:\Windows Kits\10\include\10.0.26100.0\shared\poppack.h
注意: 包含文件:    D:\Windows Kits\10\include\10.0.26100.0\um\commdlg.h
注意: 包含文件:     D:\Windows Kits\10\include\10.0.26100.0\um\prsht.h
注意: 包含文件:    D:\Windows Kits\10\include\10.0.26100.0\shared\stralign.h
注意: 包含文件:    D:\Windows Kits\10\include\10.0.26100.0\um\winsvc.h
注意: 包含文件:    D:\Windows Kits\10\include\10.0.26100.0\um\mcx.h
注意: 包含文件:    D:\Windows Kits\10\include\10.0.26100.0\um\imm.h
注意: 包含文件:     D:\Windows Kits\10\include\10.0.26100.0\um\ime_cmodes.h
注意: 包含文件:   D:\Windows Kits\10\include\10.0.26100.0\ucrt\direct.h
注意: 包含文件:    D:\Windows Kits\10\include\10.0.26100.0\ucrt\corecrt_wdirect.h
注意: 包含文件:  E:\Git\zr_vm\zr_vm_core\include\zr_vm_core/reflection.h
[2/11] Linking C shared library bin\zr_vm_library.dll
[3/11] Linking C shared library bin\zr_vm_lib_network.dll
[4/10] Linking C shared library bin\zr_vm_lib_math.dll
[5/10] Linking C shared library bin\zr_vm_lib_container.dll
[6/10] Linking C shared library bin\zr_vm_lib_system.dll
[7/10] Linking C shared library bin\zr_vm_lib_ffi.dll
[8/10] Linking C shared library bin\zr_vm_parser.dll
[9/10] Linking C executable bin\zr_vm_cli.exe
