[0/2] Re-checking globbed directories...
[1/58] Building C object zr_vm_parser\CMakeFiles\zr_vm_parser_shared.dir\src\zr_vm_parser\compiler_struct.c.obj
cl: 命令行 warning D9025 :正在重写“/W3”(用“/W4”)
注意: 包含文件:  E:\Git\zr_vm\zr_vm_parser\src\zr_vm_parser\compiler_internal.h
注意: 包含文件:   E:\Git\zr_vm\zr_vm_parser\include\zr_vm_parser/compiler.h
注意: 包含文件:    E:\Git\zr_vm\zr_vm_parser\include\zr_vm_parser/conf.h
注意: 包含文件:     E:\Git\zr_vm\zr_vm_common\include\zr_vm_common.h
注意: 包含文件:      E:\Git\zr_vm\zr_vm_common\include\zr_vm_common/zr_abi_conf.h
注意: 包含文件:       E:\Git\zr_vm\zr_vm_common\include\zr_vm_common/zr_common_conf.h
注意: 包含文件:        D:\Windows Kits\10\include\10.0.26100.0\ucrt\stdlib.h
注意: 包含文件:         D:\Windows Kits\10\include\10.0.26100.0\ucrt\corecrt.h
注意: 包含文件:          E:\Visual Studio\VC\Tools\MSVC\14.44.35207\include\vcruntime.h
注意: 包含文件:           E:\Visual Studio\VC\Tools\MSVC\14.44.35207\include\sal.h
注意: 包含文件:            E:\Visual Studio\VC\Tools\MSVC\14.44.35207\include\concurrencysal.h
注意: 包含文件:           E:\Visual Studio\VC\Tools\MSVC\14.44.35207\include\vadefs.h
注意: 包含文件:         D:\Windows Kits\10\include\10.0.26100.0\ucrt\corecrt_malloc.h
注意: 包含文件:         D:\Windows Kits\10\include\10.0.26100.0\ucrt\corecrt_search.h
注意: 包含文件:          D:\Windows Kits\10\include\10.0.26100.0\ucrt\stddef.h
注意: 包含文件:         D:\Windows Kits\10\include\10.0.26100.0\ucrt\corecrt_wstdlib.h
注意: 包含文件:         E:\Visual Studio\VC\Tools\MSVC\14.44.35207\include\limits.h
注意: 包含文件:        D:\Windows Kits\10\include\10.0.26100.0\ucrt\assert.h
注意: 包含文件:        E:\Visual Studio\VC\Tools\MSVC\14.44.35207\include\setjmp.h
注意: 包含文件:        D:\Windows Kits\10\include\10.0.26100.0\ucrt\signal.h
注意: 包含文件:        D:\Windows Kits\10\include\10.0.26100.0\ucrt\stdalign.h
注意: 包含文件:        E:\Visual Studio\VC\Tools\MSVC\14.44.35207\include\stdint.h
注意: 包含文件:      E:\Git\zr_vm\zr_vm_common\include\zr_vm_common/zr_api_conf.h
注意: 包含文件:      E:\Git\zr_vm\zr_vm_common\include\zr_vm_common/zr_array_conf.h
注意: 包含文件:      E:\Git\zr_vm\zr_vm_common\include\zr_vm_common/zr_constant_reference_conf.h
注意: 包含文件:      E:\Git\zr_vm\zr_vm_common\include\zr_vm_common/zr_contract_conf.h
注意: 包含文件:      E:\Git\zr_vm\zr_vm_common\include\zr_vm_common/zr_gc_internal_conf.h
注意: 包含文件:      E:\Git\zr_vm\zr_vm_common\include\zr_vm_common/zr_hash_conf.h
注意: 包含文件:      E:\Git\zr_vm\zr_vm_common\include\zr_vm_common/zr_instruction_conf.h
注意: 包含文件:       E:\Git\zr_vm\zr_vm_common\include\zr_vm_common/zr_type_conf.h
注意: 包含文件:      E:\Git\zr_vm\zr_vm_common\include\zr_vm_common/zr_io_conf.h
注意: 包含文件:      E:\Git\zr_vm\zr_vm_common\include\zr_vm_common/zr_log_conf.h
注意: 包含文件:      E:\Git\zr_vm\zr_vm_common\include\zr_vm_common/zr_memory_conf.h
注意: 包含文件:      E:\Git\zr_vm\zr_vm_common\include\zr_vm_common/zr_meta_conf.h
注意: 包含文件:      E:\Git\zr_vm\zr_vm_common\include\zr_vm_common/zr_object_conf.h
注意: 包含文件:      E:\Git\zr_vm\zr_vm_common\include\zr_vm_common/zr_parser_conf.h
注意: 包含文件:      E:\Git\zr_vm\zr_vm_common\include\zr_vm_common/zr_path_conf.h
注意: 包含文件:      E:\Git\zr_vm\zr_vm_common\include\zr_vm_common/zr_runtime_limits_conf.h
注意: 包含文件:      E:\Git\zr_vm\zr_vm_common\include\zr_vm_common/zr_runtime_sentinel_conf.h
注意: 包含文件:      E:\Git\zr_vm\zr_vm_common\include\zr_vm_common/zr_string_conf.h
注意: 包含文件:       D:\Windows Kits\10\include\10.0.26100.0\ucrt\inttypes.h
注意: 包含文件:       D:\Windows Kits\10\include\10.0.26100.0\ucrt\locale.h
注意: 包含文件:       D:\Windows Kits\10\include\10.0.26100.0\ucrt\stdio.h
注意: 包含文件:        D:\Windows Kits\10\include\10.0.26100.0\ucrt\corecrt_wstdio.h
注意: 包含文件:         D:\Windows Kits\10\include\10.0.26100.0\ucrt\corecrt_stdio_config.h
注意: 包含文件:      E:\Git\zr_vm\zr_vm_common\include\zr_vm_common/zr_thread_conf.h
注意: 包含文件:      E:\Git\zr_vm\zr_vm_common\include\zr_vm_common/zr_version_info.h
注意: 包含文件:      E:\Git\zr_vm\zr_vm_common\include\zr_vm_common/zr_vm_conf.h
注意: 包含文件:    E:\Git\zr_vm\zr_vm_parser\include\zr_vm_parser/ast.h
注意: 包含文件:     E:\Git\zr_vm\zr_vm_core\include\zr_vm_core/state.h
注意: 包含文件:      E:\Git\zr_vm\zr_vm_core\include\zr_vm_core/call_info.h
注意: 包含文件:       E:\Git\zr_vm\zr_vm_core\include\zr_vm_core/stack.h
注意: 包含文件:        E:\Git\zr_vm\zr_vm_core\include\zr_vm_core/conf.h
注意: 包含文件:        E:\Git\zr_vm\zr_vm_core\include\zr_vm_core/value.h
注意: 包含文件:         E:\Git\zr_vm\zr_vm_core\include\zr_vm_core/raw_object.h
注意: 包含文件:      E:\Git\zr_vm\zr_vm_core\include\zr_vm_core/closure.h
注意: 包含文件:       E:\Git\zr_vm\zr_vm_core\include\zr_vm_core/conversion.h
注意: 包含文件:       E:\Git\zr_vm\zr_vm_core\include\zr_vm_core/function.h
注意: 包含文件:      E:\Git\zr_vm\zr_vm_core\include\zr_vm_core/debug.h
注意: 包含文件:      E:\Git\zr_vm\zr_vm_core\include\zr_vm_core/exception.h
注意: 包含文件:     E:\Git\zr_vm\zr_vm_core\include\zr_vm_core/string.h
注意: 包含文件:      E:\Visual Studio\VC\Tools\MSVC\14.44.35207\include\stdarg.h
注意: 包含文件:      D:\Windows Kits\10\include\10.0.26100.0\ucrt\string.h
注意: 包含文件:       D:\Windows Kits\10\include\10.0.26100.0\ucrt\corecrt_memory.h
注意: 包含文件:        D:\Windows Kits\10\include\10.0.26100.0\ucrt\corecrt_memcpy_s.h
注意: 包含文件:         D:\Windows Kits\10\include\10.0.26100.0\ucrt\errno.h
注意: 包含文件:         E:\Visual Studio\VC\Tools\MSVC\14.44.35207\include\vcruntime_string.h
注意: 包含文件:       D:\Windows Kits\10\include\10.0.26100.0\ucrt\corecrt_wstring.h
注意: 包含文件:      E:\Git\zr_vm\zr_vm_core\include\zr_vm_core/hash_set.h
注意: 包含文件:       E:\Git\zr_vm\zr_vm_core\include\zr_vm_core/hash.h
注意: 包含文件:       E:\Git\zr_vm\zr_vm_core\include\zr_vm_core/memory.h
注意: 包含文件:        E:\Git\zr_vm\zr_vm_core\include\zr_vm_core/global.h
注意: 包含文件:         E:\Git\zr_vm\zr_vm_core\include\zr_vm_core/callback.h
注意: 包含文件:         E:\Git\zr_vm\zr_vm_core\include\zr_vm_core/io.h
注意: 包含文件:         E:\Git\zr_vm\zr_vm_core\include\zr_vm_core/log.h
注意: 包含文件:      E:\Git\zr_vm\zr_vm_core\include\zr_vm_core/utf8.h
注意: 包含文件:     E:\Git\zr_vm\zr_vm_parser\include\zr_vm_parser/location.h
注意: 包含文件:    E:\Git\zr_vm\zr_vm_parser\include\zr_vm_parser/semantic.h
注意: 包含文件:     E:\Git\zr_vm\zr_vm_parser\include\zr_vm_parser/type_system.h
注意: 包含文件:      E:\Git\zr_vm\zr_vm_core\include\zr_vm_core/array.h
注意: 包含文件:       E:\Git\zr_vm\zr_vm_core\include\zr_vm_core/math.h
注意: 包含文件:    E:\Git\zr_vm\zr_vm_core\include\zr_vm_core/meta.h
注意: 包含文件:   E:\Git\zr_vm\zr_vm_parser\include\zr_vm_parser/parser.h
注意: 包含文件:    E:\Git\zr_vm\zr_vm_parser\include\zr_vm_parser/lexer.h
注意: 包含文件:   E:\Git\zr_vm\zr_vm_parser\include\zr_vm_parser/type_inference.h
注意: 包含文件:   E:\Git\zr_vm\zr_vm_core\include\zr_vm_core/gc.h
注意: 包含文件:   E:\Git\zr_vm\zr_vm_core\include\zr_vm_core/module.h
注意: 包含文件:    E:\Git\zr_vm\zr_vm_core\include\zr_vm_core/object.h
注意: 包含文件:   E:\Git\zr_vm\zr_vm_core\include\zr_vm_core/runtime_decorator.h
注意: 包含文件:  E:\Git\zr_vm\zr_vm_parser\src\zr_vm_parser\compile_time_executor_internal.h
[2/58] Building C object zr_vm_parser\CMakeFiles\zr_vm_parser_shared.dir\src\zr_vm_parser\compiler_task_effects.c.obj
cl: 命令行 warning D9025 :正在重写“/W3”(用“/W4”)
注意: 包含文件:  E:\Git\zr_vm\zr_vm_parser\src\zr_vm_parser\compiler_internal.h
注意: 包含文件:   E:\Git\zr_vm\zr_vm_parser\include\zr_vm_parser/compiler.h
注意: 包含文件:    E:\Git\zr_vm\zr_vm_parser\include\zr_vm_parser/conf.h
注意: 包含文件:     E:\Git\zr_vm\zr_vm_common\include\zr_vm_common.h
注意: 包含文件:      E:\Git\zr_vm\zr_vm_common\include\zr_vm_common/zr_abi_conf.h
注意: 包含文件:       E:\Git\zr_vm\zr_vm_common\include\zr_vm_common/zr_common_conf.h
注意: 包含文件:        D:\Windows Kits\10\include\10.0.26100.0\ucrt\stdlib.h
注意: 包含文件:         D:\Windows Kits\10\include\10.0.26100.0\ucrt\corecrt.h
注意: 包含文件:          E:\Visual Studio\VC\Tools\MSVC\14.44.35207\include\vcruntime.h
注意: 包含文件:           E:\Visual Studio\VC\Tools\MSVC\14.44.35207\include\sal.h
注意: 包含文件:            E:\Visual Studio\VC\Tools\MSVC\14.44.35207\include\concurrencysal.h
注意: 包含文件:           E:\Visual Studio\VC\Tools\MSVC\14.44.35207\include\vadefs.h
注意: 包含文件:         D:\Windows Kits\10\include\10.0.26100.0\ucrt\corecrt_malloc.h
注意: 包含文件:         D:\Windows Kits\10\include\10.0.26100.0\ucrt\corecrt_search.h
注意: 包含文件:          D:\Windows Kits\10\include\10.0.26100.0\ucrt\stddef.h
注意: 包含文件:         D:\Windows Kits\10\include\10.0.26100.0\ucrt\corecrt_wstdlib.h
注意: 包含文件:         E:\Visual Studio\VC\Tools\MSVC\14.44.35207\include\limits.h
注意: 包含文件:        D:\Windows Kits\10\include\10.0.26100.0\ucrt\assert.h
注意: 包含文件:        E:\Visual Studio\VC\Tools\MSVC\14.44.35207\include\setjmp.h
注意: 包含文件:        D:\Windows Kits\10\include\10.0.26100.0\ucrt\signal.h
注意: 包含文件:        D:\Windows Kits\10\include\10.0.26100.0\ucrt\stdalign.h
注意: 包含文件:        E:\Visual Studio\VC\Tools\MSVC\14.44.35207\include\stdint.h
注意: 包含文件:      E:\Git\zr_vm\zr_vm_common\include\zr_vm_common/zr_api_conf.h
注意: 包含文件:      E:\Git\zr_vm\zr_vm_common\include\zr_vm_common/zr_array_conf.h
注意: 包含文件:      E:\Git\zr_vm\zr_vm_common\include\zr_vm_common/zr_constant_reference_conf.h
注意: 包含文件:      E:\Git\zr_vm\zr_vm_common\include\zr_vm_common/zr_contract_conf.h
注意: 包含文件:      E:\Git\zr_vm\zr_vm_common\include\zr_vm_common/zr_gc_internal_conf.h
注意: 包含文件:      E:\Git\zr_vm\zr_vm_common\include\zr_vm_common/zr_hash_conf.h
注意: 包含文件:      E:\Git\zr_vm\zr_vm_common\include\zr_vm_common/zr_instruction_conf.h
注意: 包含文件:       E:\Git\zr_vm\zr_vm_common\include\zr_vm_common/zr_type_conf.h
注意: 包含文件:      E:\Git\zr_vm\zr_vm_common\include\zr_vm_common/zr_io_conf.h
注意: 包含文件:      E:\Git\zr_vm\zr_vm_common\include\zr_vm_common/zr_log_conf.h
注意: 包含文件:      E:\Git\zr_vm\zr_vm_common\include\zr_vm_common/zr_memory_conf.h
注意: 包含文件:      E:\Git\zr_vm\zr_vm_common\include\zr_vm_common/zr_meta_conf.h
注意: 包含文件:      E:\Git\zr_vm\zr_vm_common\include\zr_vm_common/zr_object_conf.h
注意: 包含文件:      E:\Git\zr_vm\zr_vm_common\include\zr_vm_common/zr_parser_conf.h
注意: 包含文件:      E:\Git\zr_vm\zr_vm_common\include\zr_vm_common/zr_path_conf.h
注意: 包含文件:      E:\Git\zr_vm\zr_vm_common\include\zr_vm_common/zr_runtime_limits_conf.h
注意: 包含文件:      E:\Git\zr_vm\zr_vm_common\include\zr_vm_common/zr_runtime_sentinel_conf.h
注意: 包含文件:      E:\Git\zr_vm\zr_vm_common\include\zr_vm_common/zr_string_conf.h
注意: 包含文件:       D:\Windows Kits\10\include\10.0.26100.0\ucrt\inttypes.h
注意: 包含文件:       D:\Windows Kits\10\include\10.0.26100.0\ucrt\locale.h
注意: 包含文件:       D:\Windows Kits\10\include\10.0.26100.0\ucrt\stdio.h
注意: 包含文件:        D:\Windows Kits\10\include\10.0.26100.0\ucrt\corecrt_wstdio.h
注意: 包含文件:         D:\Windows Kits\10\include\10.0.26100.0\ucrt\corecrt_stdio_config.h
注意: 包含文件:      E:\Git\zr_vm\zr_vm_common\include\zr_vm_common/zr_thread_conf.h
注意: 包含文件:      E:\Git\zr_vm\zr_vm_common\include\zr_vm_common/zr_version_info.h
注意: 包含文件:      E:\Git\zr_vm\zr_vm_common\include\zr_vm_common/zr_vm_conf.h
注意: 包含文件:    E:\Git\zr_vm\zr_vm_parser\include\zr_vm_parser/ast.h
注意: 包含文件:     E:\Git\zr_vm\zr_vm_core\include\zr_vm_core/state.h
注意: 包含文件:      E:\Git\zr_vm\zr_vm_core\include\zr_vm_core/call_info.h
注意: 包含文件:       E:\Git\zr_vm\zr_vm_core\include\zr_vm_core/stack.h
注意: 包含文件:        E:\Git\zr_vm\zr_vm_core\include\zr_vm_core/conf.h
注意: 包含文件:        E:\Git\zr_vm\zr_vm_core\include\zr_vm_core/value.h
注意: 包含文件:         E:\Git\zr_vm\zr_vm_core\include\zr_vm_core/raw_object.h
注意: 包含文件:      E:\Git\zr_vm\zr_vm_core\include\zr_vm_core/closure.h
注意: 包含文件:       E:\Git\zr_vm\zr_vm_core\include\zr_vm_core/conversion.h
注意: 包含文件:       E:\Git\zr_vm\zr_vm_core\include\zr_vm_core/function.h
注意: 包含文件:      E:\Git\zr_vm\zr_vm_core\include\zr_vm_core/debug.h
注意: 包含文件:      E:\Git\zr_vm\zr_vm_core\include\zr_vm_core/exception.h
注意: 包含文件:     E:\Git\zr_vm\zr_vm_core\include\zr_vm_core/string.h
注意: 包含文件:      E:\Visual Studio\VC\Tools\MSVC\14.44.35207\include\stdarg.h
注意: 包含文件:      D:\Windows Kits\10\include\10.0.26100.0\ucrt\string.h
注意: 包含文件:       D:\Windows Kits\10\include\10.0.26100.0\ucrt\corecrt_memory.h
注意: 包含文件:        D:\Windows Kits\10\include\10.0.26100.0\ucrt\corecrt_memcpy_s.h
注意: 包含文件:         D:\Windows Kits\10\include\10.0.26100.0\ucrt\errno.h
注意: 包含文件:         E:\Visual Studio\VC\Tools\MSVC\14.44.35207\include\vcruntime_string.h
注意: 包含文件:       D:\Windows Kits\10\include\10.0.26100.0\ucrt\corecrt_wstring.h
注意: 包含文件:      E:\Git\zr_vm\zr_vm_core\include\zr_vm_core/hash_set.h
注意: 包含文件:       E:\Git\zr_vm\zr_vm_core\include\zr_vm_core/hash.h
注意: 包含文件:       E:\Git\zr_vm\zr_vm_core\include\zr_vm_core/memory.h
注意: 包含文件:        E:\Git\zr_vm\zr_vm_core\include\zr_vm_core/global.h
注意: 包含文件:         E:\Git\zr_vm\zr_vm_core\include\zr_vm_core/callback.h
注意: 包含文件:         E:\Git\zr_vm\zr_vm_core\include\zr_vm_core/io.h
注意: 包含文件:         E:\Git\zr_vm\zr_vm_core\include\zr_vm_core/log.h
注意: 包含文件:      E:\Git\zr_vm\zr_vm_core\include\zr_vm_core/utf8.h
注意: 包含文件:     E:\Git\zr_vm\zr_vm_parser\include\zr_vm_parser/location.h
注意: 包含文件:    E:\Git\zr_vm\zr_vm_parser\include\zr_vm_parser/semantic.h
注意: 包含文件:     E:\Git\zr_vm\zr_vm_parser\include\zr_vm_parser/type_system.h
注意: 包含文件:      E:\Git\zr_vm\zr_vm_core\include\zr_vm_core/array.h
注意: 包含文件:       E:\Git\zr_vm\zr_vm_core\include\zr_vm_core/math.h
注意: 包含文件:    E:\Git\zr_vm\zr_vm_core\include\zr_vm_core/meta.h
注意: 包含文件:   E:\Git\zr_vm\zr_vm_parser\include\zr_vm_parser/parser.h
注意: 包含文件:    E:\Git\zr_vm\zr_vm_parser\include\zr_vm_parser/lexer.h
注意: 包含文件:   E:\Git\zr_vm\zr_vm_parser\include\zr_vm_parser/type_inference.h
注意: 包含文件:   E:\Git\zr_vm\zr_vm_core\include\zr_vm_core/gc.h
注意: 包含文件:   E:\Git\zr_vm\zr_vm_core\include\zr_vm_core/module.h
注意: 包含文件:    E:\Git\zr_vm\zr_vm_core\include\zr_vm_core/object.h
注意: 包含文件:   E:\Git\zr_vm\zr_vm_core\include\zr_vm_core/runtime_decorator.h
[3/58] Building C object zr_vm_parser\CMakeFiles\zr_vm_parser_shared.dir\src\zr_vm_parser\compile_expression_types.c.obj
cl: 命令行 warning D9025 :正在重写“/W3”(用“/W4”)
注意: 包含文件:  E:\Git\zr_vm\zr_vm_parser\src\zr_vm_parser\compile_expression_internal.h
注意: 包含文件:   E:\Git\zr_vm\zr_vm_parser\include\zr_vm_parser/compiler.h
注意: 包含文件:    E:\Git\zr_vm\zr_vm_parser\include\zr_vm_parser/conf.h
注意: 包含文件:     E:\Git\zr_vm\zr_vm_common\include\zr_vm_common.h
注意: 包含文件:      E:\Git\zr_vm\zr_vm_common\include\zr_vm_common/zr_abi_conf.h
注意: 包含文件:       E:\Git\zr_vm\zr_vm_common\include\zr_vm_common/zr_common_conf.h
注意: 包含文件:        D:\Windows Kits\10\include\10.0.26100.0\ucrt\stdlib.h
注意: 包含文件:         D:\Windows Kits\10\include\10.0.26100.0\ucrt\corecrt.h
注意: 包含文件:          E:\Visual Studio\VC\Tools\MSVC\14.44.35207\include\vcruntime.h
注意: 包含文件:           E:\Visual Studio\VC\Tools\MSVC\14.44.35207\include\sal.h
注意: 包含文件:            E:\Visual Studio\VC\Tools\MSVC\14.44.35207\include\concurrencysal.h
注意: 包含文件:           E:\Visual Studio\VC\Tools\MSVC\14.44.35207\include\vadefs.h
注意: 包含文件:         D:\Windows Kits\10\include\10.0.26100.0\ucrt\corecrt_malloc.h
注意: 包含文件:         D:\Windows Kits\10\include\10.0.26100.0\ucrt\corecrt_search.h
注意: 包含文件:          D:\Windows Kits\10\include\10.0.26100.0\ucrt\stddef.h
注意: 包含文件:         D:\Windows Kits\10\include\10.0.26100.0\ucrt\corecrt_wstdlib.h
注意: 包含文件:         E:\Visual Studio\VC\Tools\MSVC\14.44.35207\include\limits.h
注意: 包含文件:        D:\Windows Kits\10\include\10.0.26100.0\ucrt\assert.h
注意: 包含文件:        E:\Visual Studio\VC\Tools\MSVC\14.44.35207\include\setjmp.h
注意: 包含文件:        D:\Windows Kits\10\include\10.0.26100.0\ucrt\signal.h
注意: 包含文件:        D:\Windows Kits\10\include\10.0.26100.0\ucrt\stdalign.h
注意: 包含文件:        E:\Visual Studio\VC\Tools\MSVC\14.44.35207\include\stdint.h
注意: 包含文件:      E:\Git\zr_vm\zr_vm_common\include\zr_vm_common/zr_api_conf.h
注意: 包含文件:      E:\Git\zr_vm\zr_vm_common\include\zr_vm_common/zr_array_conf.h
注意: 包含文件:      E:\Git\zr_vm\zr_vm_common\include\zr_vm_common/zr_constant_reference_conf.h
注意: 包含文件:      E:\Git\zr_vm\zr_vm_common\include\zr_vm_common/zr_contract_conf.h
注意: 包含文件:      E:\Git\zr_vm\zr_vm_common\include\zr_vm_common/zr_gc_internal_conf.h
注意: 包含文件:      E:\Git\zr_vm\zr_vm_common\include\zr_vm_common/zr_hash_conf.h
注意: 包含文件:      E:\Git\zr_vm\zr_vm_common\include\zr_vm_common/zr_instruction_conf.h
注意: 包含文件:       E:\Git\zr_vm\zr_vm_common\include\zr_vm_common/zr_type_conf.h
注意: 包含文件:      E:\Git\zr_vm\zr_vm_common\include\zr_vm_common/zr_io_conf.h
注意: 包含文件:      E:\Git\zr_vm\zr_vm_common\include\zr_vm_common/zr_log_conf.h
注意: 包含文件:      E:\Git\zr_vm\zr_vm_common\include\zr_vm_common/zr_memory_conf.h
注意: 包含文件:      E:\Git\zr_vm\zr_vm_common\include\zr_vm_common/zr_meta_conf.h
注意: 包含文件:      E:\Git\zr_vm\zr_vm_common\include\zr_vm_common/zr_object_conf.h
注意: 包含文件:      E:\Git\zr_vm\zr_vm_common\include\zr_vm_common/zr_parser_conf.h
注意: 包含文件:      E:\Git\zr_vm\zr_vm_common\include\zr_vm_common/zr_path_conf.h
注意: 包含文件:      E:\Git\zr_vm\zr_vm_common\include\zr_vm_common/zr_runtime_limits_conf.h
注意: 包含文件:      E:\Git\zr_vm\zr_vm_common\include\zr_vm_common/zr_runtime_sentinel_conf.h
注意: 包含文件:      E:\Git\zr_vm\zr_vm_common\include\zr_vm_common/zr_string_conf.h
注意: 包含文件:       D:\Windows Kits\10\include\10.0.26100.0\ucrt\inttypes.h
注意: 包含文件:       D:\Windows Kits\10\include\10.0.26100.0\ucrt\locale.h
注意: 包含文件:       D:\Windows Kits\10\include\10.0.26100.0\ucrt\stdio.h
注意: 包含文件:        D:\Windows Kits\10\include\10.0.26100.0\ucrt\corecrt_wstdio.h
注意: 包含文件:         D:\Windows Kits\10\include\10.0.26100.0\ucrt\corecrt_stdio_config.h
注意: 包含文件:      E:\Git\zr_vm\zr_vm_common\include\zr_vm_common/zr_thread_conf.h
注意: 包含文件:      E:\Git\zr_vm\zr_vm_common\include\zr_vm_common/zr_version_info.h
注意: 包含文件:      E:\Git\zr_vm\zr_vm_common\include\zr_vm_common/zr_vm_conf.h
注意: 包含文件:    E:\Git\zr_vm\zr_vm_parser\include\zr_vm_parser/ast.h
注意: 包含文件:     E:\Git\zr_vm\zr_vm_core\include\zr_vm_core/state.h
注意: 包含文件:      E:\Git\zr_vm\zr_vm_core\include\zr_vm_core/call_info.h
注意: 包含文件:       E:\Git\zr_vm\zr_vm_core\include\zr_vm_core/stack.h
注意: 包含文件:        E:\Git\zr_vm\zr_vm_core\include\zr_vm_core/conf.h
注意: 包含文件:        E:\Git\zr_vm\zr_vm_core\include\zr_vm_core/value.h
注意: 包含文件:         E:\Git\zr_vm\zr_vm_core\include\zr_vm_core/raw_object.h
注意: 包含文件:      E:\Git\zr_vm\zr_vm_core\include\zr_vm_core/closure.h
注意: 包含文件:       E:\Git\zr_vm\zr_vm_core\include\zr_vm_core/conversion.h
注意: 包含文件:       E:\Git\zr_vm\zr_vm_core\include\zr_vm_core/function.h
注意: 包含文件:      E:\Git\zr_vm\zr_vm_core\include\zr_vm_core/debug.h
注意: 包含文件:      E:\Git\zr_vm\zr_vm_core\include\zr_vm_core/exception.h
注意: 包含文件:     E:\Git\zr_vm\zr_vm_core\include\zr_vm_core/string.h
注意: 包含文件:      E:\Visual Studio\VC\Tools\MSVC\14.44.35207\include\stdarg.h
注意: 包含文件:      D:\Windows Kits\10\include\10.0.26100.0\ucrt\string.h
注意: 包含文件:       D:\Windows Kits\10\include\10.0.26100.0\ucrt\corecrt_memory.h
注意: 包含文件:        D:\Windows Kits\10\include\10.0.26100.0\ucrt\corecrt_memcpy_s.h
注意: 包含文件:         D:\Windows Kits\10\include\10.0.26100.0\ucrt\errno.h
注意: 包含文件:         E:\Visual Studio\VC\Tools\MSVC\14.44.35207\include\vcruntime_string.h
注意: 包含文件:       D:\Windows Kits\10\include\10.0.26100.0\ucrt\corecrt_wstring.h
注意: 包含文件:      E:\Git\zr_vm\zr_vm_core\include\zr_vm_core/hash_set.h
注意: 包含文件:       E:\Git\zr_vm\zr_vm_core\include\zr_vm_core/hash.h
注意: 包含文件:       E:\Git\zr_vm\zr_vm_core\include\zr_vm_core/memory.h
注意: 包含文件:        E:\Git\zr_vm\zr_vm_core\include\zr_vm_core/global.h
注意: 包含文件:         E:\Git\zr_vm\zr_vm_core\include\zr_vm_core/callback.h
注意: 包含文件:         E:\Git\zr_vm\zr_vm_core\include\zr_vm_core/io.h
注意: 包含文件:         E:\Git\zr_vm\zr_vm_core\include\zr_vm_core/log.h
注意: 包含文件:      E:\Git\zr_vm\zr_vm_core\include\zr_vm_core/utf8.h
注意: 包含文件:     E:\Git\zr_vm\zr_vm_parser\include\zr_vm_parser/location.h
注意: 包含文件:    E:\Git\zr_vm\zr_vm_parser\include\zr_vm_parser/semantic.h
注意: 包含文件:     E:\Git\zr_vm\zr_vm_parser\include\zr_vm_parser/type_system.h
注意: 包含文件:      E:\Git\zr_vm\zr_vm_core\include\zr_vm_core/array.h
注意: 包含文件:       E:\Git\zr_vm\zr_vm_core\include\zr_vm_core/math.h
注意: 包含文件:    E:\Git\zr_vm\zr_vm_core\include\zr_vm_core/meta.h
注意: 包含文件:   E:\Git\zr_vm\zr_vm_parser\src\zr_vm_parser\compiler_internal.h
注意: 包含文件:    E:\Git\zr_vm\zr_vm_parser\include\zr_vm_parser/parser.h
注意: 包含文件:     E:\Git\zr_vm\zr_vm_parser\include\zr_vm_parser/lexer.h
注意: 包含文件:    E:\Git\zr_vm\zr_vm_parser\include\zr_vm_parser/type_inference.h
注意: 包含文件:    E:\Git\zr_vm\zr_vm_core\include\zr_vm_core/gc.h
注意: 包含文件:    E:\Git\zr_vm\zr_vm_core\include\zr_vm_core/module.h
注意: 包含文件:     E:\Git\zr_vm\zr_vm_core\include\zr_vm_core/object.h
注意: 包含文件:    E:\Git\zr_vm\zr_vm_core\include\zr_vm_core/runtime_decorator.h
注意: 包含文件:   E:\Git\zr_vm\zr_vm_core\include\zr_vm_core/ownership.h
注意: 包含文件:   E:\Git\zr_vm\zr_vm_core\include\zr_vm_core/reflection.h
注意: 包含文件:  E:\Git\zr_vm\zr_vm_parser\src\zr_vm_parser\type_inference_internal.h
E:\Git\zr_vm\zr_vm_parser\src\zr_vm_parser\compile_expression_types.c(939) : warning C4701: 使用了可能未初始化的局部变量“typeDecl”
E:\Git\zr_vm\zr_vm_parser\src\zr_vm_parser\compile_expression_types.c(939) : warning C4703: 使用了可能未初始化的本地指针变量“typeDecl”
[4/58] Building C object zr_vm_parser\CMakeFiles\zr_vm_parser_shared.dir\src\zr_vm_parser\type_inference_core.c.obj
cl: 命令行 warning D9025 :正在重写“/W3”(用“/W4”)
注意: 包含文件:  E:\Git\zr_vm\zr_vm_parser\include\zr_vm_parser/type_inference.h
注意: 包含文件:   E:\Git\zr_vm\zr_vm_parser\include\zr_vm_parser/conf.h
注意: 包含文件:    E:\Git\zr_vm\zr_vm_common\include\zr_vm_common.h
注意: 包含文件:     E:\Git\zr_vm\zr_vm_common\include\zr_vm_common/zr_abi_conf.h
注意: 包含文件:      E:\Git\zr_vm\zr_vm_common\include\zr_vm_common/zr_common_conf.h
注意: 包含文件:       D:\Windows Kits\10\include\10.0.26100.0\ucrt\stdlib.h
注意: 包含文件:        D:\Windows Kits\10\include\10.0.26100.0\ucrt\corecrt.h
注意: 包含文件:         E:\Visual Studio\VC\Tools\MSVC\14.44.35207\include\vcruntime.h
注意: 包含文件:          E:\Visual Studio\VC\Tools\MSVC\14.44.35207\include\sal.h
注意: 包含文件:           E:\Visual Studio\VC\Tools\MSVC\14.44.35207\include\concurrencysal.h
注意: 包含文件:          E:\Visual Studio\VC\Tools\MSVC\14.44.35207\include\vadefs.h
注意: 包含文件:        D:\Windows Kits\10\include\10.0.26100.0\ucrt\corecrt_malloc.h
注意: 包含文件:        D:\Windows Kits\10\include\10.0.26100.0\ucrt\corecrt_search.h
注意: 包含文件:         D:\Windows Kits\10\include\10.0.26100.0\ucrt\stddef.h
注意: 包含文件:        D:\Windows Kits\10\include\10.0.26100.0\ucrt\corecrt_wstdlib.h
注意: 包含文件:        E:\Visual Studio\VC\Tools\MSVC\14.44.35207\include\limits.h
注意: 包含文件:       D:\Windows Kits\10\include\10.0.26100.0\ucrt\assert.h
注意: 包含文件:       E:\Visual Studio\VC\Tools\MSVC\14.44.35207\include\setjmp.h
注意: 包含文件:       D:\Windows Kits\10\include\10.0.26100.0\ucrt\signal.h
注意: 包含文件:       D:\Windows Kits\10\include\10.0.26100.0\ucrt\stdalign.h
注意: 包含文件:       E:\Visual Studio\VC\Tools\MSVC\14.44.35207\include\stdint.h
注意: 包含文件:     E:\Git\zr_vm\zr_vm_common\include\zr_vm_common/zr_api_conf.h
注意: 包含文件:     E:\Git\zr_vm\zr_vm_common\include\zr_vm_common/zr_array_conf.h
注意: 包含文件:     E:\Git\zr_vm\zr_vm_common\include\zr_vm_common/zr_constant_reference_conf.h
注意: 包含文件:     E:\Git\zr_vm\zr_vm_common\include\zr_vm_common/zr_contract_conf.h
注意: 包含文件:     E:\Git\zr_vm\zr_vm_common\include\zr_vm_common/zr_gc_internal_conf.h
注意: 包含文件:     E:\Git\zr_vm\zr_vm_common\include\zr_vm_common/zr_hash_conf.h
注意: 包含文件:     E:\Git\zr_vm\zr_vm_common\include\zr_vm_common/zr_instruction_conf.h
注意: 包含文件:      E:\Git\zr_vm\zr_vm_common\include\zr_vm_common/zr_type_conf.h
注意: 包含文件:     E:\Git\zr_vm\zr_vm_common\include\zr_vm_common/zr_io_conf.h
注意: 包含文件:     E:\Git\zr_vm\zr_vm_common\include\zr_vm_common/zr_log_conf.h
注意: 包含文件:     E:\Git\zr_vm\zr_vm_common\include\zr_vm_common/zr_memory_conf.h
注意: 包含文件:     E:\Git\zr_vm\zr_vm_common\include\zr_vm_common/zr_meta_conf.h
注意: 包含文件:     E:\Git\zr_vm\zr_vm_common\include\zr_vm_common/zr_object_conf.h
注意: 包含文件:     E:\Git\zr_vm\zr_vm_common\include\zr_vm_common/zr_parser_conf.h
注意: 包含文件:     E:\Git\zr_vm\zr_vm_common\include\zr_vm_common/zr_path_conf.h
注意: 包含文件:     E:\Git\zr_vm\zr_vm_common\include\zr_vm_common/zr_runtime_limits_conf.h
注意: 包含文件:     E:\Git\zr_vm\zr_vm_common\include\zr_vm_common/zr_runtime_sentinel_conf.h
注意: 包含文件:     E:\Git\zr_vm\zr_vm_common\include\zr_vm_common/zr_string_conf.h
注意: 包含文件:      D:\Windows Kits\10\include\10.0.26100.0\ucrt\inttypes.h
注意: 包含文件:      D:\Windows Kits\10\include\10.0.26100.0\ucrt\locale.h
注意: 包含文件:      D:\Windows Kits\10\include\10.0.26100.0\ucrt\stdio.h
注意: 包含文件:       D:\Windows Kits\10\include\10.0.26100.0\ucrt\corecrt_wstdio.h
注意: 包含文件:        D:\Windows Kits\10\include\10.0.26100.0\ucrt\corecrt_stdio_config.h
注意: 包含文件:     E:\Git\zr_vm\zr_vm_common\include\zr_vm_common/zr_thread_conf.h
注意: 包含文件:     E:\Git\zr_vm\zr_vm_common\include\zr_vm_common/zr_version_info.h
注意: 包含文件:     E:\Git\zr_vm\zr_vm_common\include\zr_vm_common/zr_vm_conf.h
注意: 包含文件:   E:\Git\zr_vm\zr_vm_parser\include\zr_vm_parser/type_system.h
注意: 包含文件:    E:\Git\zr_vm\zr_vm_parser\include\zr_vm_parser/ast.h
注意: 包含文件:     E:\Git\zr_vm\zr_vm_core\include\zr_vm_core/state.h
注意: 包含文件:      E:\Git\zr_vm\zr_vm_core\include\zr_vm_core/call_info.h
注意: 包含文件:       E:\Git\zr_vm\zr_vm_core\include\zr_vm_core/stack.h
注意: 包含文件:        E:\Git\zr_vm\zr_vm_core\include\zr_vm_core/conf.h
注意: 包含文件:        E:\Git\zr_vm\zr_vm_core\include\zr_vm_core/value.h
注意: 包含文件:         E:\Git\zr_vm\zr_vm_core\include\zr_vm_core/raw_object.h
注意: 包含文件:      E:\Git\zr_vm\zr_vm_core\include\zr_vm_core/closure.h
注意: 包含文件:       E:\Git\zr_vm\zr_vm_core\include\zr_vm_core/conversion.h
注意: 包含文件:       E:\Git\zr_vm\zr_vm_core\include\zr_vm_core/function.h
注意: 包含文件:      E:\Git\zr_vm\zr_vm_core\include\zr_vm_core/debug.h
注意: 包含文件:      E:\Git\zr_vm\zr_vm_core\include\zr_vm_core/exception.h
注意: 包含文件:     E:\Git\zr_vm\zr_vm_core\include\zr_vm_core/string.h
注意: 包含文件:      E:\Visual Studio\VC\Tools\MSVC\14.44.35207\include\stdarg.h
注意: 包含文件:      D:\Windows Kits\10\include\10.0.26100.0\ucrt\string.h
注意: 包含文件:       D:\Windows Kits\10\include\10.0.26100.0\ucrt\corecrt_memory.h
注意: 包含文件:        D:\Windows Kits\10\include\10.0.26100.0\ucrt\corecrt_memcpy_s.h
注意: 包含文件:         D:\Windows Kits\10\include\10.0.26100.0\ucrt\errno.h
注意: 包含文件:         E:\Visual Studio\VC\Tools\MSVC\14.44.35207\include\vcruntime_string.h
注意: 包含文件:       D:\Windows Kits\10\include\10.0.26100.0\ucrt\corecrt_wstring.h
注意: 包含文件:      E:\Git\zr_vm\zr_vm_core\include\zr_vm_core/hash_set.h
注意: 包含文件:       E:\Git\zr_vm\zr_vm_core\include\zr_vm_core/hash.h
注意: 包含文件:       E:\Git\zr_vm\zr_vm_core\include\zr_vm_core/memory.h
注意: 包含文件:        E:\Git\zr_vm\zr_vm_core\include\zr_vm_core/global.h
注意: 包含文件:         E:\Git\zr_vm\zr_vm_core\include\zr_vm_core/callback.h
注意: 包含文件:         E:\Git\zr_vm\zr_vm_core\include\zr_vm_core/io.h
注意: 包含文件:         E:\Git\zr_vm\zr_vm_core\include\zr_vm_core/log.h
注意: 包含文件:      E:\Git\zr_vm\zr_vm_core\include\zr_vm_core/utf8.h
注意: 包含文件:     E:\Git\zr_vm\zr_vm_parser\include\zr_vm_parser/location.h
注意: 包含文件:    E:\Git\zr_vm\zr_vm_core\include\zr_vm_core/array.h
注意: 包含文件:     E:\Git\zr_vm\zr_vm_core\include\zr_vm_core/math.h
注意: 包含文件:  E:\Git\zr_vm\zr_vm_parser\include\zr_vm_parser/compiler.h
注意: 包含文件:   E:\Git\zr_vm\zr_vm_parser\include\zr_vm_parser/semantic.h
注意: 包含文件:   E:\Git\zr_vm\zr_vm_core\include\zr_vm_core/meta.h
注意: 包含文件:  E:\Git\zr_vm\zr_vm_parser\src\zr_vm_parser\type_inference_internal.h
注意: 包含文件:  E:\Git\zr_vm\zr_vm_core\include\zr_vm_core/module.h
注意: 包含文件:   E:\Git\zr_vm\zr_vm_core\include\zr_vm_core/object.h
注意: 包含文件:  D:\Windows Kits\10\include\10.0.26100.0\ucrt\math.h
注意: 包含文件:   D:\Windows Kits\10\include\10.0.26100.0\ucrt\corecrt_math.h
注意: 包含文件:  D:\Windows Kits\10\include\10.0.26100.0\ucrt\math.h
[5/58] Building C object tests\CMakeFiles\zr_vm_container_type_inference_test.dir\container\test_container_type_inference.c.obj
cl: 命令行 warning D9025 :正在重写“/W3”(用“/W4”)
注意: 包含文件:  D:\Windows Kits\10\include\10.0.26100.0\ucrt\string.h
注意: 包含文件:   D:\Windows Kits\10\include\10.0.26100.0\ucrt\corecrt.h
注意: 包含文件:    E:\Visual Studio\VC\Tools\MSVC\14.44.35207\include\vcruntime.h
注意: 包含文件:     E:\Visual Studio\VC\Tools\MSVC\14.44.35207\include\sal.h
注意: 包含文件:      E:\Visual Studio\VC\Tools\MSVC\14.44.35207\include\concurrencysal.h
注意: 包含文件:     E:\Visual Studio\VC\Tools\MSVC\14.44.35207\include\vadefs.h
注意: 包含文件:   D:\Windows Kits\10\include\10.0.26100.0\ucrt\corecrt_memory.h
注意: 包含文件:    D:\Windows Kits\10\include\10.0.26100.0\ucrt\corecrt_memcpy_s.h
注意: 包含文件:     D:\Windows Kits\10\include\10.0.26100.0\ucrt\errno.h
注意: 包含文件:     E:\Visual Studio\VC\Tools\MSVC\14.44.35207\include\vcruntime_string.h
注意: 包含文件:   D:\Windows Kits\10\include\10.0.26100.0\ucrt\corecrt_wstring.h
注意: 包含文件:  D:\Windows Kits\10\include\10.0.26100.0\ucrt\time.h
注意: 包含文件:   D:\Windows Kits\10\include\10.0.26100.0\ucrt\corecrt_wtime.h
注意: 包含文件:  E:\Git\zr_vm\tests\third_party\zr_unity\Unity\src\unity.h
注意: 包含文件:   E:\Git\zr_vm\tests\third_party\zr_unity\Unity\src\unity_internals.h
注意: 包含文件:    E:\Git\zr_vm\tests\unity_config.h
注意: 包含文件:     E:\Git\zr_vm\tests\harness/unity_crash_guard.h
注意: 包含文件:    E:\Visual Studio\VC\Tools\MSVC\14.44.35207\include\setjmp.h
注意: 包含文件:    D:\Windows Kits\10\include\10.0.26100.0\ucrt\math.h
注意: 包含文件:     D:\Windows Kits\10\include\10.0.26100.0\ucrt\corecrt_math.h
注意: 包含文件:    D:\Windows Kits\10\include\10.0.26100.0\ucrt\stddef.h
注意: 包含文件:    E:\Visual Studio\VC\Tools\MSVC\14.44.35207\include\stdint.h
注意: 包含文件:    E:\Visual Studio\VC\Tools\MSVC\14.44.35207\include\limits.h
注意: 包含文件:    D:\Windows Kits\10\include\10.0.26100.0\shared\sdkddkver.h
注意: 包含文件:    D:\Windows Kits\10\include\10.0.26100.0\ucrt\stdnoreturn.h
注意: 包含文件:    D:\Windows Kits\10\include\10.0.26100.0\ucrt\stdio.h
注意: 包含文件:     D:\Windows Kits\10\include\10.0.26100.0\ucrt\corecrt_wstdio.h
注意: 包含文件:      D:\Windows Kits\10\include\10.0.26100.0\ucrt\corecrt_stdio_config.h
注意: 包含文件:  E:\Git\zr_vm\tests\container\container_test_common.h
注意: 包含文件:   E:\Git\zr_vm\zr_vm_core\include\zr_vm_core/module.h
注意: 包含文件:    E:\Git\zr_vm\zr_vm_core\include\zr_vm_core/conf.h
注意: 包含文件:     E:\Git\zr_vm\zr_vm_common\include\zr_vm_common.h
注意: 包含文件:      E:\Git\zr_vm\zr_vm_common\include\zr_vm_common/zr_abi_conf.h
注意: 包含文件:       E:\Git\zr_vm\zr_vm_common\include\zr_vm_common/zr_common_conf.h
注意: 包含文件:        D:\Windows Kits\10\include\10.0.26100.0\ucrt\stdlib.h
注意: 包含文件:         D:\Windows Kits\10\include\10.0.26100.0\ucrt\corecrt_malloc.h
注意: 包含文件:         D:\Windows Kits\10\include\10.0.26100.0\ucrt\corecrt_search.h
注意: 包含文件:         D:\Windows Kits\10\include\10.0.26100.0\ucrt\corecrt_wstdlib.h
注意: 包含文件:        D:\Windows Kits\10\include\10.0.26100.0\ucrt\assert.h
注意: 包含文件:        D:\Windows Kits\10\include\10.0.26100.0\ucrt\signal.h
注意: 包含文件:        D:\Windows Kits\10\include\10.0.26100.0\ucrt\stdalign.h
注意: 包含文件:      E:\Git\zr_vm\zr_vm_common\include\zr_vm_common/zr_api_conf.h
注意: 包含文件:      E:\Git\zr_vm\zr_vm_common\include\zr_vm_common/zr_array_conf.h
注意: 包含文件:      E:\Git\zr_vm\zr_vm_common\include\zr_vm_common/zr_constant_reference_conf.h
注意: 包含文件:      E:\Git\zr_vm\zr_vm_common\include\zr_vm_common/zr_contract_conf.h
注意: 包含文件:      E:\Git\zr_vm\zr_vm_common\include\zr_vm_common/zr_gc_internal_conf.h
注意: 包含文件:      E:\Git\zr_vm\zr_vm_common\include\zr_vm_common/zr_hash_conf.h
注意: 包含文件:      E:\Git\zr_vm\zr_vm_common\include\zr_vm_common/zr_instruction_conf.h
注意: 包含文件:       E:\Git\zr_vm\zr_vm_common\include\zr_vm_common/zr_type_conf.h
注意: 包含文件:      E:\Git\zr_vm\zr_vm_common\include\zr_vm_common/zr_io_conf.h
注意: 包含文件:      E:\Git\zr_vm\zr_vm_common\include\zr_vm_common/zr_log_conf.h
注意: 包含文件:      E:\Git\zr_vm\zr_vm_common\include\zr_vm_common/zr_memory_conf.h
注意: 包含文件:      E:\Git\zr_vm\zr_vm_common\include\zr_vm_common/zr_meta_conf.h
注意: 包含文件:      E:\Git\zr_vm\zr_vm_common\include\zr_vm_common/zr_object_conf.h
注意: 包含文件:      E:\Git\zr_vm\zr_vm_common\include\zr_vm_common/zr_parser_conf.h
注意: 包含文件:      E:\Git\zr_vm\zr_vm_common\include\zr_vm_common/zr_path_conf.h
注意: 包含文件:      E:\Git\zr_vm\zr_vm_common\include\zr_vm_common/zr_runtime_limits_conf.h
注意: 包含文件:      E:\Git\zr_vm\zr_vm_common\include\zr_vm_common/zr_runtime_sentinel_conf.h
注意: 包含文件:      E:\Git\zr_vm\zr_vm_common\include\zr_vm_common/zr_string_conf.h
注意: 包含文件:       D:\Windows Kits\10\include\10.0.26100.0\ucrt\inttypes.h
注意: 包含文件:       D:\Windows Kits\10\include\10.0.26100.0\ucrt\locale.h
注意: 包含文件:      E:\Git\zr_vm\zr_vm_common\include\zr_vm_common/zr_thread_conf.h
注意: 包含文件:      E:\Git\zr_vm\zr_vm_common\include\zr_vm_common/zr_version_info.h
注意: 包含文件:      E:\Git\zr_vm\zr_vm_common\include\zr_vm_common/zr_vm_conf.h
注意: 包含文件:    E:\Git\zr_vm\zr_vm_core\include\zr_vm_core/hash_set.h
注意: 包含文件:     E:\Git\zr_vm\zr_vm_core\include\zr_vm_core/hash.h
注意: 包含文件:      E:\Git\zr_vm\zr_vm_core\include\zr_vm_core/raw_object.h
注意: 包含文件:      E:\Git\zr_vm\zr_vm_core\include\zr_vm_core/value.h
注意: 包含文件:     E:\Git\zr_vm\zr_vm_core\include\zr_vm_core/memory.h
注意: 包含文件:      E:\Git\zr_vm\zr_vm_core\include\zr_vm_core/global.h
注意: 包含文件:       E:\Git\zr_vm\zr_vm_core\include\zr_vm_core/callback.h
注意: 包含文件:        E:\Git\zr_vm\zr_vm_core\include\zr_vm_core/exception.h
注意: 包含文件:         E:\Git\zr_vm\zr_vm_core\include\zr_vm_core/stack.h
注意: 包含文件:       E:\Git\zr_vm\zr_vm_core\include\zr_vm_core/io.h
注意: 包含文件:       E:\Git\zr_vm\zr_vm_core\include\zr_vm_core/log.h
注意: 包含文件:      E:\Git\zr_vm\zr_vm_core\include\zr_vm_core/state.h
注意: 包含文件:       E:\Git\zr_vm\zr_vm_core\include\zr_vm_core/call_info.h
注意: 包含文件:       E:\Git\zr_vm\zr_vm_core\include\zr_vm_core/closure.h
注意: 包含文件:        E:\Git\zr_vm\zr_vm_core\include\zr_vm_core/conversion.h
注意: 包含文件:        E:\Git\zr_vm\zr_vm_core\include\zr_vm_core/function.h
注意: 包含文件:       E:\Git\zr_vm\zr_vm_core\include\zr_vm_core/debug.h
注意: 包含文件:    E:\Git\zr_vm\zr_vm_core\include\zr_vm_core/object.h
注意: 包含文件:     E:\Git\zr_vm\zr_vm_core\include\zr_vm_core/meta.h
注意: 包含文件:     E:\Git\zr_vm\zr_vm_core\include\zr_vm_core/string.h
注意: 包含文件:      E:\Visual Studio\VC\Tools\MSVC\14.44.35207\include\stdarg.h
注意: 包含文件:      E:\Git\zr_vm\zr_vm_core\include\zr_vm_core/utf8.h
注意: 包含文件:   E:\Git\zr_vm\zr_vm_parser\include\zr_vm_parser/compiler.h
注意: 包含文件:    E:\Git\zr_vm\zr_vm_parser\include\zr_vm_parser/conf.h
注意: 包含文件:    E:\Git\zr_vm\zr_vm_parser\include\zr_vm_parser/ast.h
注意: 包含文件:     E:\Git\zr_vm\zr_vm_parser\include\zr_vm_parser/location.h
注意: 包含文件:    E:\Git\zr_vm\zr_vm_parser\include\zr_vm_parser/semantic.h
注意: 包含文件:     E:\Git\zr_vm\zr_vm_parser\include\zr_vm_parser/type_system.h
注意: 包含文件:      E:\Git\zr_vm\zr_vm_core\include\zr_vm_core/array.h
注意: 包含文件:       E:\Git\zr_vm\zr_vm_core\include\zr_vm_core/math.h
注意: 包含文件:  E:\Git\zr_vm\tests\test_support.h
注意: 包含文件:   E:\Git\zr_vm\tests\harness/path_support.h
注意: 包含文件:   E:\Git\zr_vm\tests\harness/reference_support.h
注意: 包含文件:   E:\Git\zr_vm\tests\harness/runtime_support.h
注意: 包含文件:  E:\Git\zr_vm\zr_vm_parser\include\zr_vm_parser/parser.h
注意: 包含文件:   E:\Git\zr_vm\zr_vm_parser\include\zr_vm_parser/lexer.h
注意: 包含文件:  E:\Git\zr_vm\zr_vm_parser\include\zr_vm_parser/type_inference.h
[6/58] Building C object tests\CMakeFiles\zr_vm_container_metadata_test.dir\container\test_container_metadata.c.obj
cl: 命令行 warning D9025 :正在重写“/W3”(用“/W4”)
注意: 包含文件:  D:\Windows Kits\10\include\10.0.26100.0\ucrt\string.h
注意: 包含文件:   D:\Windows Kits\10\include\10.0.26100.0\ucrt\corecrt.h
注意: 包含文件:    E:\Visual Studio\VC\Tools\MSVC\14.44.35207\include\vcruntime.h
注意: 包含文件:     E:\Visual Studio\VC\Tools\MSVC\14.44.35207\include\sal.h
注意: 包含文件:      E:\Visual Studio\VC\Tools\MSVC\14.44.35207\include\concurrencysal.h
注意: 包含文件:     E:\Visual Studio\VC\Tools\MSVC\14.44.35207\include\vadefs.h
注意: 包含文件:   D:\Windows Kits\10\include\10.0.26100.0\ucrt\corecrt_memory.h
注意: 包含文件:    D:\Windows Kits\10\include\10.0.26100.0\ucrt\corecrt_memcpy_s.h
注意: 包含文件:     D:\Windows Kits\10\include\10.0.26100.0\ucrt\errno.h
注意: 包含文件:     E:\Visual Studio\VC\Tools\MSVC\14.44.35207\include\vcruntime_string.h
注意: 包含文件:   D:\Windows Kits\10\include\10.0.26100.0\ucrt\corecrt_wstring.h
注意: 包含文件:  D:\Windows Kits\10\include\10.0.26100.0\ucrt\time.h
注意: 包含文件:   D:\Windows Kits\10\include\10.0.26100.0\ucrt\corecrt_wtime.h
注意: 包含文件:  E:\Git\zr_vm\tests\third_party\zr_unity\Unity\src\unity.h
注意: 包含文件:   E:\Git\zr_vm\tests\third_party\zr_unity\Unity\src\unity_internals.h
注意: 包含文件:    E:\Git\zr_vm\tests\unity_config.h
注意: 包含文件:     E:\Git\zr_vm\tests\harness/unity_crash_guard.h
注意: 包含文件:    E:\Visual Studio\VC\Tools\MSVC\14.44.35207\include\setjmp.h
注意: 包含文件:    D:\Windows Kits\10\include\10.0.26100.0\ucrt\math.h
注意: 包含文件:     D:\Windows Kits\10\include\10.0.26100.0\ucrt\corecrt_math.h
注意: 包含文件:    D:\Windows Kits\10\include\10.0.26100.0\ucrt\stddef.h
注意: 包含文件:    E:\Visual Studio\VC\Tools\MSVC\14.44.35207\include\stdint.h
注意: 包含文件:    E:\Visual Studio\VC\Tools\MSVC\14.44.35207\include\limits.h
注意: 包含文件:    D:\Windows Kits\10\include\10.0.26100.0\shared\sdkddkver.h
注意: 包含文件:    D:\Windows Kits\10\include\10.0.26100.0\ucrt\stdnoreturn.h
注意: 包含文件:    D:\Windows Kits\10\include\10.0.26100.0\ucrt\stdio.h
注意: 包含文件:     D:\Windows Kits\10\include\10.0.26100.0\ucrt\corecrt_wstdio.h
注意: 包含文件:      D:\Windows Kits\10\include\10.0.26100.0\ucrt\corecrt_stdio_config.h
注意: 包含文件:  E:\Git\zr_vm\tests\container\container_test_common.h
注意: 包含文件:   E:\Git\zr_vm\zr_vm_core\include\zr_vm_core/module.h
注意: 包含文件:    E:\Git\zr_vm\zr_vm_core\include\zr_vm_core/conf.h
注意: 包含文件:     E:\Git\zr_vm\zr_vm_common\include\zr_vm_common.h
注意: 包含文件:      E:\Git\zr_vm\zr_vm_common\include\zr_vm_common/zr_abi_conf.h
注意: 包含文件:       E:\Git\zr_vm\zr_vm_common\include\zr_vm_common/zr_common_conf.h
注意: 包含文件:        D:\Windows Kits\10\include\10.0.26100.0\ucrt\stdlib.h
注意: 包含文件:         D:\Windows Kits\10\include\10.0.26100.0\ucrt\corecrt_malloc.h
注意: 包含文件:         D:\Windows Kits\10\include\10.0.26100.0\ucrt\corecrt_search.h
注意: 包含文件:         D:\Windows Kits\10\include\10.0.26100.0\ucrt\corecrt_wstdlib.h
注意: 包含文件:        D:\Windows Kits\10\include\10.0.26100.0\ucrt\assert.h
注意: 包含文件:        D:\Windows Kits\10\include\10.0.26100.0\ucrt\signal.h
注意: 包含文件:        D:\Windows Kits\10\include\10.0.26100.0\ucrt\stdalign.h
注意: 包含文件:      E:\Git\zr_vm\zr_vm_common\include\zr_vm_common/zr_api_conf.h
注意: 包含文件:      E:\Git\zr_vm\zr_vm_common\include\zr_vm_common/zr_array_conf.h
注意: 包含文件:      E:\Git\zr_vm\zr_vm_common\include\zr_vm_common/zr_constant_reference_conf.h
注意: 包含文件:      E:\Git\zr_vm\zr_vm_common\include\zr_vm_common/zr_contract_conf.h
注意: 包含文件:      E:\Git\zr_vm\zr_vm_common\include\zr_vm_common/zr_gc_internal_conf.h
注意: 包含文件:      E:\Git\zr_vm\zr_vm_common\include\zr_vm_common/zr_hash_conf.h
注意: 包含文件:      E:\Git\zr_vm\zr_vm_common\include\zr_vm_common/zr_instruction_conf.h
注意: 包含文件:       E:\Git\zr_vm\zr_vm_common\include\zr_vm_common/zr_type_conf.h
注意: 包含文件:      E:\Git\zr_vm\zr_vm_common\include\zr_vm_common/zr_io_conf.h
注意: 包含文件:      E:\Git\zr_vm\zr_vm_common\include\zr_vm_common/zr_log_conf.h
注意: 包含文件:      E:\Git\zr_vm\zr_vm_common\include\zr_vm_common/zr_memory_conf.h
注意: 包含文件:      E:\Git\zr_vm\zr_vm_common\include\zr_vm_common/zr_meta_conf.h
注意: 包含文件:      E:\Git\zr_vm\zr_vm_common\include\zr_vm_common/zr_object_conf.h
注意: 包含文件:      E:\Git\zr_vm\zr_vm_common\include\zr_vm_common/zr_parser_conf.h
注意: 包含文件:      E:\Git\zr_vm\zr_vm_common\include\zr_vm_common/zr_path_conf.h
注意: 包含文件:      E:\Git\zr_vm\zr_vm_common\include\zr_vm_common/zr_runtime_limits_conf.h
注意: 包含文件:      E:\Git\zr_vm\zr_vm_common\include\zr_vm_common/zr_runtime_sentinel_conf.h
注意: 包含文件:      E:\Git\zr_vm\zr_vm_common\include\zr_vm_common/zr_string_conf.h
注意: 包含文件:       D:\Windows Kits\10\include\10.0.26100.0\ucrt\inttypes.h
注意: 包含文件:       D:\Windows Kits\10\include\10.0.26100.0\ucrt\locale.h
注意: 包含文件:      E:\Git\zr_vm\zr_vm_common\include\zr_vm_common/zr_thread_conf.h
注意: 包含文件:      E:\Git\zr_vm\zr_vm_common\include\zr_vm_common/zr_version_info.h
注意: 包含文件:      E:\Git\zr_vm\zr_vm_common\include\zr_vm_common/zr_vm_conf.h
注意: 包含文件:    E:\Git\zr_vm\zr_vm_core\include\zr_vm_core/hash_set.h
注意: 包含文件:     E:\Git\zr_vm\zr_vm_core\include\zr_vm_core/hash.h
注意: 包含文件:      E:\Git\zr_vm\zr_vm_core\include\zr_vm_core/raw_object.h
注意: 包含文件:      E:\Git\zr_vm\zr_vm_core\include\zr_vm_core/value.h
注意: 包含文件:     E:\Git\zr_vm\zr_vm_core\include\zr_vm_core/memory.h
注意: 包含文件:      E:\Git\zr_vm\zr_vm_core\include\zr_vm_core/global.h
注意: 包含文件:       E:\Git\zr_vm\zr_vm_core\include\zr_vm_core/callback.h
注意: 包含文件:        E:\Git\zr_vm\zr_vm_core\include\zr_vm_core/exception.h
注意: 包含文件:         E:\Git\zr_vm\zr_vm_core\include\zr_vm_core/stack.h
注意: 包含文件:       E:\Git\zr_vm\zr_vm_core\include\zr_vm_core/io.h
注意: 包含文件:       E:\Git\zr_vm\zr_vm_core\include\zr_vm_core/log.h
注意: 包含文件:      E:\Git\zr_vm\zr_vm_core\include\zr_vm_core/state.h
注意: 包含文件:       E:\Git\zr_vm\zr_vm_core\include\zr_vm_core/call_info.h
注意: 包含文件:       E:\Git\zr_vm\zr_vm_core\include\zr_vm_core/closure.h
注意: 包含文件:        E:\Git\zr_vm\zr_vm_core\include\zr_vm_core/conversion.h
注意: 包含文件:        E:\Git\zr_vm\zr_vm_core\include\zr_vm_core/function.h
注意: 包含文件:       E:\Git\zr_vm\zr_vm_core\include\zr_vm_core/debug.h
注意: 包含文件:    E:\Git\zr_vm\zr_vm_core\include\zr_vm_core/object.h
注意: 包含文件:     E:\Git\zr_vm\zr_vm_core\include\zr_vm_core/meta.h
注意: 包含文件:     E:\Git\zr_vm\zr_vm_core\include\zr_vm_core/string.h
注意: 包含文件:      E:\Visual Studio\VC\Tools\MSVC\14.44.35207\include\stdarg.h
注意: 包含文件:      E:\Git\zr_vm\zr_vm_core\include\zr_vm_core/utf8.h
注意: 包含文件:   E:\Git\zr_vm\zr_vm_parser\include\zr_vm_parser/compiler.h
注意: 包含文件:    E:\Git\zr_vm\zr_vm_parser\include\zr_vm_parser/conf.h
注意: 包含文件:    E:\Git\zr_vm\zr_vm_parser\include\zr_vm_parser/ast.h
注意: 包含文件:     E:\Git\zr_vm\zr_vm_parser\include\zr_vm_parser/location.h
注意: 包含文件:    E:\Git\zr_vm\zr_vm_parser\include\zr_vm_parser/semantic.h
注意: 包含文件:     E:\Git\zr_vm\zr_vm_parser\include\zr_vm_parser/type_system.h
注意: 包含文件:      E:\Git\zr_vm\zr_vm_core\include\zr_vm_core/array.h
注意: 包含文件:       E:\Git\zr_vm\zr_vm_core\include\zr_vm_core/math.h
注意: 包含文件:  E:\Git\zr_vm\zr_vm_parser\include\zr_vm_parser/parser.h
注意: 包含文件:   E:\Git\zr_vm\zr_vm_parser\include\zr_vm_parser/lexer.h
[7/58] Building C object tests\CMakeFiles\zr_vm_compiler_features_test.dir\parser\test_compiler_features.c.obj
cl: 命令行 warning D9025 :正在重写“/W3”(用“/W4”)
注意: 包含文件:  D:\Windows Kits\10\include\10.0.26100.0\ucrt\stdio.h
注意: 包含文件:   D:\Windows Kits\10\include\10.0.26100.0\ucrt\corecrt.h
注意: 包含文件:    E:\Visual Studio\VC\Tools\MSVC\14.44.35207\include\vcruntime.h
注意: 包含文件:     E:\Visual Studio\VC\Tools\MSVC\14.44.35207\include\sal.h
注意: 包含文件:      E:\Visual Studio\VC\Tools\MSVC\14.44.35207\include\concurrencysal.h
注意: 包含文件:     E:\Visual Studio\VC\Tools\MSVC\14.44.35207\include\vadefs.h
注意: 包含文件:   D:\Windows Kits\10\include\10.0.26100.0\ucrt\corecrt_wstdio.h
注意: 包含文件:    D:\Windows Kits\10\include\10.0.26100.0\ucrt\corecrt_stdio_config.h
注意: 包含文件:  D:\Windows Kits\10\include\10.0.26100.0\ucrt\stdlib.h
注意: 包含文件:   D:\Windows Kits\10\include\10.0.26100.0\ucrt\corecrt_malloc.h
注意: 包含文件:   D:\Windows Kits\10\include\10.0.26100.0\ucrt\corecrt_search.h
注意: 包含文件:    D:\Windows Kits\10\include\10.0.26100.0\ucrt\stddef.h
注意: 包含文件:   D:\Windows Kits\10\include\10.0.26100.0\ucrt\corecrt_wstdlib.h
注意: 包含文件:   E:\Visual Studio\VC\Tools\MSVC\14.44.35207\include\limits.h
注意: 包含文件:  D:\Windows Kits\10\include\10.0.26100.0\ucrt\string.h
注意: 包含文件:   D:\Windows Kits\10\include\10.0.26100.0\ucrt\corecrt_memory.h
注意: 包含文件:    D:\Windows Kits\10\include\10.0.26100.0\ucrt\corecrt_memcpy_s.h
注意: 包含文件:     D:\Windows Kits\10\include\10.0.26100.0\ucrt\errno.h
注意: 包含文件:     E:\Visual Studio\VC\Tools\MSVC\14.44.35207\include\vcruntime_string.h
注意: 包含文件:   D:\Windows Kits\10\include\10.0.26100.0\ucrt\corecrt_wstring.h
注意: 包含文件:  D:\Windows Kits\10\include\10.0.26100.0\ucrt\time.h
注意: 包含文件:   D:\Windows Kits\10\include\10.0.26100.0\ucrt\corecrt_wtime.h
注意: 包含文件:  E:\Git\zr_vm\tests\third_party\zr_unity\Unity\src\unity.h
注意: 包含文件:   E:\Git\zr_vm\tests\third_party\zr_unity\Unity\src\unity_internals.h
注意: 包含文件:    E:\Git\zr_vm\tests\unity_config.h
注意: 包含文件:     E:\Git\zr_vm\tests\harness/unity_crash_guard.h
注意: 包含文件:    E:\Visual Studio\VC\Tools\MSVC\14.44.35207\include\setjmp.h
注意: 包含文件:    D:\Windows Kits\10\include\10.0.26100.0\ucrt\math.h
注意: 包含文件:     D:\Windows Kits\10\include\10.0.26100.0\ucrt\corecrt_math.h
注意: 包含文件:    E:\Visual Studio\VC\Tools\MSVC\14.44.35207\include\stdint.h
注意: 包含文件:    D:\Windows Kits\10\include\10.0.26100.0\shared\sdkddkver.h
注意: 包含文件:    D:\Windows Kits\10\include\10.0.26100.0\ucrt\stdnoreturn.h
注意: 包含文件:  E:\Git\zr_vm\tests\harness\runtime_support.h
注意: 包含文件:   E:\Git\zr_vm\zr_vm_core\include\zr_vm_core/function.h
注意: 包含文件:    E:\Git\zr_vm\zr_vm_core\include\zr_vm_core/conf.h
注意: 包含文件:     E:\Git\zr_vm\zr_vm_common\include\zr_vm_common.h
注意: 包含文件:      E:\Git\zr_vm\zr_vm_common\include\zr_vm_common/zr_abi_conf.h
注意: 包含文件:       E:\Git\zr_vm\zr_vm_common\include\zr_vm_common/zr_common_conf.h
注意: 包含文件:        D:\Windows Kits\10\include\10.0.26100.0\ucrt\assert.h
注意: 包含文件:        D:\Windows Kits\10\include\10.0.26100.0\ucrt\signal.h
注意: 包含文件:        D:\Windows Kits\10\include\10.0.26100.0\ucrt\stdalign.h
注意: 包含文件:      E:\Git\zr_vm\zr_vm_common\include\zr_vm_common/zr_api_conf.h
注意: 包含文件:      E:\Git\zr_vm\zr_vm_common\include\zr_vm_common/zr_array_conf.h
注意: 包含文件:      E:\Git\zr_vm\zr_vm_common\include\zr_vm_common/zr_constant_reference_conf.h
注意: 包含文件:      E:\Git\zr_vm\zr_vm_common\include\zr_vm_common/zr_contract_conf.h
注意: 包含文件:      E:\Git\zr_vm\zr_vm_common\include\zr_vm_common/zr_gc_internal_conf.h
注意: 包含文件:      E:\Git\zr_vm\zr_vm_common\include\zr_vm_common/zr_hash_conf.h
注意: 包含文件:      E:\Git\zr_vm\zr_vm_common\include\zr_vm_common/zr_instruction_conf.h
注意: 包含文件:       E:\Git\zr_vm\zr_vm_common\include\zr_vm_common/zr_type_conf.h
注意: 包含文件:      E:\Git\zr_vm\zr_vm_common\include\zr_vm_common/zr_io_conf.h
注意: 包含文件:      E:\Git\zr_vm\zr_vm_common\include\zr_vm_common/zr_log_conf.h
注意: 包含文件:      E:\Git\zr_vm\zr_vm_common\include\zr_vm_common/zr_memory_conf.h
注意: 包含文件:      E:\Git\zr_vm\zr_vm_common\include\zr_vm_common/zr_meta_conf.h
注意: 包含文件:      E:\Git\zr_vm\zr_vm_common\include\zr_vm_common/zr_object_conf.h
注意: 包含文件:      E:\Git\zr_vm\zr_vm_common\include\zr_vm_common/zr_parser_conf.h
注意: 包含文件:      E:\Git\zr_vm\zr_vm_common\include\zr_vm_common/zr_path_conf.h
注意: 包含文件:      E:\Git\zr_vm\zr_vm_common\include\zr_vm_common/zr_runtime_limits_conf.h
注意: 包含文件:      E:\Git\zr_vm\zr_vm_common\include\zr_vm_common/zr_runtime_sentinel_conf.h
注意: 包含文件:      E:\Git\zr_vm\zr_vm_common\include\zr_vm_common/zr_string_conf.h
注意: 包含文件:       D:\Windows Kits\10\include\10.0.26100.0\ucrt\inttypes.h
注意: 包含文件:       D:\Windows Kits\10\include\10.0.26100.0\ucrt\locale.h
注意: 包含文件:      E:\Git\zr_vm\zr_vm_common\include\zr_vm_common/zr_thread_conf.h
注意: 包含文件:      E:\Git\zr_vm\zr_vm_common\include\zr_vm_common/zr_version_info.h
注意: 包含文件:      E:\Git\zr_vm\zr_vm_common\include\zr_vm_common/zr_vm_conf.h
注意: 包含文件:    E:\Git\zr_vm\zr_vm_core\include\zr_vm_core/raw_object.h
注意: 包含文件:    E:\Git\zr_vm\zr_vm_core\include\zr_vm_core/stack.h
注意: 包含文件:     E:\Git\zr_vm\zr_vm_core\include\zr_vm_core/value.h
注意: 包含文件:   E:\Git\zr_vm\zr_vm_core\include\zr_vm_core/global.h
注意: 包含文件:    E:\Git\zr_vm\zr_vm_core\include\zr_vm_core/callback.h
注意: 包含文件:     E:\Git\zr_vm\zr_vm_core\include\zr_vm_core/exception.h
注意: 包含文件:    E:\Git\zr_vm\zr_vm_core\include\zr_vm_core/io.h
注意: 包含文件:    E:\Git\zr_vm\zr_vm_core\include\zr_vm_core/log.h
注意: 包含文件:   E:\Git\zr_vm\zr_vm_core\include\zr_vm_core/state.h
注意: 包含文件:    E:\Git\zr_vm\zr_vm_core\include\zr_vm_core/call_info.h
注意: 包含文件:    E:\Git\zr_vm\zr_vm_core\include\zr_vm_core/closure.h
注意: 包含文件:     E:\Git\zr_vm\zr_vm_core\include\zr_vm_core/conversion.h
注意: 包含文件:    E:\Git\zr_vm\zr_vm_core\include\zr_vm_core/debug.h
注意: 包含文件:  E:\Git\zr_vm\zr_vm_core\include\zr_vm_core/reflection.h
注意: 包含文件:  E:\Git\zr_vm\zr_vm_core\include\zr_vm_core/string.h
注意: 包含文件:   E:\Visual Studio\VC\Tools\MSVC\14.44.35207\include\stdarg.h
注意: 包含文件:   E:\Git\zr_vm\zr_vm_core\include\zr_vm_core/hash_set.h
注意: 包含文件:    E:\Git\zr_vm\zr_vm_core\include\zr_vm_core/hash.h
注意: 包含文件:    E:\Git\zr_vm\zr_vm_core\include\zr_vm_core/memory.h
注意: 包含文件:   E:\Git\zr_vm\zr_vm_core\include\zr_vm_core/utf8.h
注意: 包含文件:  E:\Git\zr_vm\zr_vm_parser\include\zr_vm_parser.h
注意: 包含文件:   E:\Git\zr_vm\zr_vm_parser\include\zr_vm_parser/conf.h
注意: 包含文件:   E:\Git\zr_vm\zr_vm_parser\include\zr_vm_parser/lexer.h
注意: 包含文件:   E:\Git\zr_vm\zr_vm_parser\include\zr_vm_parser/parser.h
注意: 包含文件:    E:\Git\zr_vm\zr_vm_parser\include\zr_vm_parser/ast.h
注意: 包含文件:     E:\Git\zr_vm\zr_vm_parser\include\zr_vm_parser/location.h
注意: 包含文件:   E:\Git\zr_vm\zr_vm_parser\include\zr_vm_parser/compiler.h
注意: 包含文件:    E:\Git\zr_vm\zr_vm_parser\include\zr_vm_parser/semantic.h
注意: 包含文件:     E:\Git\zr_vm\zr_vm_parser\include\zr_vm_parser/type_system.h
注意: 包含文件:      E:\Git\zr_vm\zr_vm_core\include\zr_vm_core/array.h
注意: 包含文件:       E:\Git\zr_vm\zr_vm_core\include\zr_vm_core/math.h
注意: 包含文件:    E:\Git\zr_vm\zr_vm_core\include\zr_vm_core/meta.h
注意: 包含文件:   E:\Git\zr_vm\zr_vm_parser\include\zr_vm_parser/writer.h
注意: 包含文件:    E:\Git\zr_vm\zr_vm_common\include\zr_vm_common/zr_aot_abi.h
[8/58] Building C object tests\CMakeFiles\zr_vm_module_system_test.dir\module\test_module_system.c.obj
cl: 命令行 warning D9025 :正在重写“/W3”(用“/W4”)
注意: 包含文件:  D:\Windows Kits\10\include\10.0.26100.0\ucrt\stdio.h
注意: 包含文件:   D:\Windows Kits\10\include\10.0.26100.0\ucrt\corecrt.h
注意: 包含文件:    E:\Visual Studio\VC\Tools\MSVC\14.44.35207\include\vcruntime.h
注意: 包含文件:     E:\Visual Studio\VC\Tools\MSVC\14.44.35207\include\sal.h
注意: 包含文件:      E:\Visual Studio\VC\Tools\MSVC\14.44.35207\include\concurrencysal.h
注意: 包含文件:     E:\Visual Studio\VC\Tools\MSVC\14.44.35207\include\vadefs.h
注意: 包含文件:   D:\Windows Kits\10\include\10.0.26100.0\ucrt\corecrt_wstdio.h
注意: 包含文件:    D:\Windows Kits\10\include\10.0.26100.0\ucrt\corecrt_stdio_config.h
注意: 包含文件:  D:\Windows Kits\10\include\10.0.26100.0\ucrt\stdlib.h
注意: 包含文件:   D:\Windows Kits\10\include\10.0.26100.0\ucrt\corecrt_malloc.h
注意: 包含文件:   D:\Windows Kits\10\include\10.0.26100.0\ucrt\corecrt_search.h
注意: 包含文件:    D:\Windows Kits\10\include\10.0.26100.0\ucrt\stddef.h
注意: 包含文件:   D:\Windows Kits\10\include\10.0.26100.0\ucrt\corecrt_wstdlib.h
注意: 包含文件:   E:\Visual Studio\VC\Tools\MSVC\14.44.35207\include\limits.h
注意: 包含文件:  D:\Windows Kits\10\include\10.0.26100.0\ucrt\string.h
注意: 包含文件:   D:\Windows Kits\10\include\10.0.26100.0\ucrt\corecrt_memory.h
注意: 包含文件:    D:\Windows Kits\10\include\10.0.26100.0\ucrt\corecrt_memcpy_s.h
注意: 包含文件:     D:\Windows Kits\10\include\10.0.26100.0\ucrt\errno.h
注意: 包含文件:     E:\Visual Studio\VC\Tools\MSVC\14.44.35207\include\vcruntime_string.h
注意: 包含文件:   D:\Windows Kits\10\include\10.0.26100.0\ucrt\corecrt_wstring.h
注意: 包含文件:  D:\Windows Kits\10\include\10.0.26100.0\ucrt\time.h
注意: 包含文件:   D:\Windows Kits\10\include\10.0.26100.0\ucrt\corecrt_wtime.h
注意: 包含文件:  E:\Git\zr_vm\tests\third_party\zr_unity\Unity\src\unity.h
注意: 包含文件:   E:\Git\zr_vm\tests\third_party\zr_unity\Unity\src\unity_internals.h
注意: 包含文件:    E:\Git\zr_vm\tests\unity_config.h
注意: 包含文件:     E:\Git\zr_vm\tests\harness/unity_crash_guard.h
注意: 包含文件:    E:\Visual Studio\VC\Tools\MSVC\14.44.35207\include\setjmp.h
注意: 包含文件:    D:\Windows Kits\10\include\10.0.26100.0\ucrt\math.h
注意: 包含文件:     D:\Windows Kits\10\include\10.0.26100.0\ucrt\corecrt_math.h
注意: 包含文件:    E:\Visual Studio\VC\Tools\MSVC\14.44.35207\include\stdint.h
注意: 包含文件:    D:\Windows Kits\10\include\10.0.26100.0\shared\sdkddkver.h
注意: 包含文件:    D:\Windows Kits\10\include\10.0.26100.0\ucrt\stdnoreturn.h
注意: 包含文件:  E:\Git\zr_vm\zr_vm_common\include\zr_vm_common/zr_common_conf.h
注意: 包含文件:   D:\Windows Kits\10\include\10.0.26100.0\ucrt\assert.h
注意: 包含文件:   D:\Windows Kits\10\include\10.0.26100.0\ucrt\signal.h
注意: 包含文件:   D:\Windows Kits\10\include\10.0.26100.0\ucrt\stdalign.h
注意: 包含文件:  E:\Git\zr_vm\zr_vm_common\include\zr_vm_common/zr_instruction_conf.h
注意: 包含文件:   E:\Git\zr_vm\zr_vm_common\include\zr_vm_common/zr_type_conf.h
注意: 包含文件:  E:\Git\zr_vm\zr_vm_core\include\zr_vm_core/execution.h
注意: 包含文件:   E:\Git\zr_vm\zr_vm_core\include\zr_vm_core/conf.h
注意: 包含文件:    E:\Git\zr_vm\zr_vm_common\include\zr_vm_common.h
注意: 包含文件:     E:\Git\zr_vm\zr_vm_common\include\zr_vm_common/zr_abi_conf.h
注意: 包含文件:     E:\Git\zr_vm\zr_vm_common\include\zr_vm_common/zr_api_conf.h
注意: 包含文件:     E:\Git\zr_vm\zr_vm_common\include\zr_vm_common/zr_array_conf.h
注意: 包含文件:     E:\Git\zr_vm\zr_vm_common\include\zr_vm_common/zr_constant_reference_conf.h
注意: 包含文件:     E:\Git\zr_vm\zr_vm_common\include\zr_vm_common/zr_contract_conf.h
注意: 包含文件:     E:\Git\zr_vm\zr_vm_common\include\zr_vm_common/zr_gc_internal_conf.h
注意: 包含文件:     E:\Git\zr_vm\zr_vm_common\include\zr_vm_common/zr_hash_conf.h
注意: 包含文件:     E:\Git\zr_vm\zr_vm_common\include\zr_vm_common/zr_io_conf.h
注意: 包含文件:     E:\Git\zr_vm\zr_vm_common\include\zr_vm_common/zr_log_conf.h
注意: 包含文件:     E:\Git\zr_vm\zr_vm_common\include\zr_vm_common/zr_memory_conf.h
注意: 包含文件:     E:\Git\zr_vm\zr_vm_common\include\zr_vm_common/zr_meta_conf.h
注意: 包含文件:     E:\Git\zr_vm\zr_vm_common\include\zr_vm_common/zr_object_conf.h
注意: 包含文件:     E:\Git\zr_vm\zr_vm_common\include\zr_vm_common/zr_parser_conf.h
注意: 包含文件:     E:\Git\zr_vm\zr_vm_common\include\zr_vm_common/zr_path_conf.h
注意: 包含文件:     E:\Git\zr_vm\zr_vm_common\include\zr_vm_common/zr_runtime_limits_conf.h
注意: 包含文件:     E:\Git\zr_vm\zr_vm_common\include\zr_vm_common/zr_runtime_sentinel_conf.h
注意: 包含文件:     E:\Git\zr_vm\zr_vm_common\include\zr_vm_common/zr_string_conf.h
注意: 包含文件:      D:\Windows Kits\10\include\10.0.26100.0\ucrt\inttypes.h
注意: 包含文件:      D:\Windows Kits\10\include\10.0.26100.0\ucrt\locale.h
注意: 包含文件:     E:\Git\zr_vm\zr_vm_common\include\zr_vm_common/zr_thread_conf.h
注意: 包含文件:     E:\Git\zr_vm\zr_vm_common\include\zr_vm_common/zr_version_info.h
注意: 包含文件:     E:\Git\zr_vm\zr_vm_common\include\zr_vm_common/zr_vm_conf.h
注意: 包含文件:  E:\Git\zr_vm\zr_vm_core\include\zr_vm_core/debug.h
注意: 包含文件:  E:\Git\zr_vm\zr_vm_core\include\zr_vm_core/function.h
注意: 包含文件:   E:\Git\zr_vm\zr_vm_core\include\zr_vm_core/raw_object.h
注意: 包含文件:   E:\Git\zr_vm\zr_vm_core\include\zr_vm_core/stack.h
注意: 包含文件:    E:\Git\zr_vm\zr_vm_core\include\zr_vm_core/value.h
注意: 包含文件:  E:\Git\zr_vm\zr_vm_core\include\zr_vm_core/gc.h
注意: 包含文件:   E:\Git\zr_vm\zr_vm_core\include\zr_vm_core/global.h
注意: 包含文件:    E:\Git\zr_vm\zr_vm_core\include\zr_vm_core/callback.h
注意: 包含文件:     E:\Git\zr_vm\zr_vm_core\include\zr_vm_core/exception.h
注意: 包含文件:    E:\Git\zr_vm\zr_vm_core\include\zr_vm_core/io.h
注意: 包含文件:    E:\Git\zr_vm\zr_vm_core\include\zr_vm_core/log.h
注意: 包含文件:  E:\Git\zr_vm\zr_vm_core\include\zr_vm_core/closure.h
注意: 包含文件:   E:\Git\zr_vm\zr_vm_core\include\zr_vm_core/conversion.h
注意: 包含文件:  E:\Git\zr_vm\zr_vm_core\include\zr_vm_core/module.h
注意: 包含文件:   E:\Git\zr_vm\zr_vm_core\include\zr_vm_core/hash_set.h
注意: 包含文件:    E:\Git\zr_vm\zr_vm_core\include\zr_vm_core/hash.h
注意: 包含文件:    E:\Git\zr_vm\zr_vm_core\include\zr_vm_core/memory.h
注意: 包含文件:     E:\Git\zr_vm\zr_vm_core\include\zr_vm_core/state.h
注意: 包含文件:      E:\Git\zr_vm\zr_vm_core\include\zr_vm_core/call_info.h
注意: 包含文件:   E:\Git\zr_vm\zr_vm_core\include\zr_vm_core/object.h
注意: 包含文件:    E:\Git\zr_vm\zr_vm_core\include\zr_vm_core/meta.h
注意: 包含文件:    E:\Git\zr_vm\zr_vm_core\include\zr_vm_core/string.h
注意: 包含文件:     E:\Visual Studio\VC\Tools\MSVC\14.44.35207\include\stdarg.h
注意: 包含文件:     E:\Git\zr_vm\zr_vm_core\include\zr_vm_core/utf8.h
注意: 包含文件:  E:\Git\zr_vm\tests\harness\runtime_support.h
注意: 包含文件:  E:\Git\zr_vm\zr_vm_library\include\zr_vm_library.h
注意: 包含文件:   E:\Git\zr_vm\zr_vm_library\include\zr_vm_library/conf.h
注意: 包含文件:    E:\Git\zr_vm\zr_vm_core\include\zr_vm_core.h
注意: 包含文件:     E:\Git\zr_vm\zr_vm_core\include\zr_vm_core/array.h
注意: 包含文件:      E:\Git\zr_vm\zr_vm_core\include\zr_vm_core/math.h
注意: 包含文件:     E:\Git\zr_vm\zr_vm_core\include\zr_vm_core/native.h
注意: 包含文件:     E:\Git\zr_vm\zr_vm_core\include\zr_vm_core/type.h
注意: 包含文件:   E:\Git\zr_vm\zr_vm_library\include\zr_vm_library/common_state.h
注意: 包含文件:   E:\Git\zr_vm\zr_vm_library\include\zr_vm_library/file.h
注意: 包含文件:   E:\Git\zr_vm\zr_vm_library\include\zr_vm_library/aot_runtime.h
注意: 包含文件:    E:\Git\zr_vm\zr_vm_common\include\zr_vm_common/zr_aot_abi.h
注意: 包含文件:   E:\Git\zr_vm\zr_vm_library\include\zr_vm_library/native_binding.h
注意: 包含文件:   E:\Git\zr_vm\zr_vm_library\include\zr_vm_library/native_hints.h
注意: 包含文件:   E:\Git\zr_vm\zr_vm_library\include\zr_vm_library/native_registry.h
注意: 包含文件:   E:\Git\zr_vm\zr_vm_library\include\zr_vm_library/project.h
注意: 包含文件:  E:\Git\zr_vm\zr_vm_lib_container\include\zr_vm_lib_container/module.h
注意: 包含文件:   E:\Git\zr_vm\zr_vm_lib_container\include\zr_vm_lib_container/conf.h
注意: 包含文件:  E:\Git\zr_vm\zr_vm_lib_math\include\zr_vm_lib_math/module.h
注意: 包含文件:   E:\Git\zr_vm\zr_vm_lib_math\include\zr_vm_lib_math/conf.h
注意: 包含文件:  E:\Git\zr_vm\zr_vm_lib_system\include\zr_vm_lib_system/module.h
注意: 包含文件:   E:\Git\zr_vm\zr_vm_lib_system\include\zr_vm_lib_system/conf.h
注意: 包含文件:  E:\Git\zr_vm\zr_vm_parser\include\zr_vm_parser.h
注意: 包含文件:   E:\Git\zr_vm\zr_vm_parser\include\zr_vm_parser/conf.h
注意: 包含文件:   E:\Git\zr_vm\zr_vm_parser\include\zr_vm_parser/lexer.h
注意: 包含文件:   E:\Git\zr_vm\zr_vm_parser\include\zr_vm_parser/parser.h
注意: 包含文件:    E:\Git\zr_vm\zr_vm_parser\include\zr_vm_parser/ast.h
注意: 包含文件:     E:\Git\zr_vm\zr_vm_parser\include\zr_vm_parser/location.h
注意: 包含文件:   E:\Git\zr_vm\zr_vm_parser\include\zr_vm_parser/compiler.h
注意: 包含文件:    E:\Git\zr_vm\zr_vm_parser\include\zr_vm_parser/semantic.h
注意: 包含文件:     E:\Git\zr_vm\zr_vm_parser\include\zr_vm_parser/type_system.h
注意: 包含文件:   E:\Git\zr_vm\zr_vm_parser\include\zr_vm_parser/writer.h
注意: 包含文件:  E:\Git\zr_vm\tests\test_support.h
注意: 包含文件:   E:\Git\zr_vm\tests\harness/path_support.h
注意: 包含文件:   E:\Git\zr_vm\tests\harness/reference_support.h
[9/58] Linking C executable bin\zr_vm_test_runner.exe
[10/58] Linking C executable bin\zr_vm_cli_repl_e2e_test.exe
[11/58] Linking C executable bin\zr_vm_cli_args_test.exe
[12/58] Linking C executable bin\zr_vm_cli_debug_e2e_test.exe
[13/58] Linking C shared library bin\zr_vm_parser.dll
[14/58] Linking C shared library bin\zr_vm_thread.dll
[15/58] Linking C executable bin\zr_vm_parser_test.exe
[16/58] Linking C executable bin\zr_vm_cli.exe
[17/58] Linking C executable bin\zr_vm_instruction_execution_test.exe
[18/58] Linking C executable bin\zr_vm_semir_pipeline_test.exe
[19/58] Linking C executable bin\zr_vm_compiler_features_test.exe
[20/58] Linking C executable bin\zr_vm_type_inference_test.exe
[21/58] Linking C executable bin\zr_vm_execbc_aot_pipeline_test.exe
[22/58] Linking C executable bin\zr_vm_debug_metadata_test.exe
[23/58] Linking C executable bin\zr_vm_dynamic_iteration_pipeline_test.exe
[24/58] Linking C executable bin\zr_vm_debug_trace_test.exe
[25/58] Linking C executable bin\zr_vm_debug_agent_test.exe
[26/58] Linking C executable bin\zr_vm_debug_agent_protocol_test.exe
[27/58] Linking C shared library bin\zr_vm_language_server.dll
[28/58] Linking C executable bin\zr_vm_meta_call_pipeline_test.exe
[29/58] Linking C executable bin\zr_vm_tail_call_pipeline_test.exe
[30/58] Linking C executable bin\zr_vm_compiler_regressions_test.exe
[31/58] Linking C executable bin\zr_vm_lexer_parser_compiler_execution_test.exe
[32/58] Linking C executable bin\zr_vm_const_keyword_test.exe
[33/58] Linking C executable bin\zr_vm_char_and_type_cast_test.exe
[34/58] Linking C executable bin\zr_vm_prototype_test.exe
[35/58] Linking C executable bin\zr_vm_language_server_stdio.exe
[36/58] Linking C executable bin\zr_vm_exceptions_test.exe
[37/58] Linking C executable bin\zr_vm_system_fs_test.exe
[38/58] Linking C executable bin\zr_vm_named_arguments_test.exe
[39/58] Linking C executable bin\zr_vm_module_system_test.exe
[40/58] Linking C executable bin\zr_vm_compile_time_test.exe
[41/58] Linking C executable bin\zr_vm_decorator_pipeline_test.exe
[42/58] Linking C executable bin\zr_vm_scripts_test.exe
[43/58] Linking C executable bin\zr_vm_artifact_golden_test.exe
[44/58] Linking C executable bin\zr_vm_container_runtime_test.exe
[45/58] Linking C executable bin\zr_vm_container_metadata_test.exe
[46/58] Linking C executable bin\zr_vm_container_type_inference_test.exe
[47/58] Linking C executable bin\zr_vm_task_runtime_test.exe
[48/58] Linking C executable bin\zr_vm_language_server_symbol_table_test.exe
[49/58] Linking C executable bin\zr_vm_language_server_reference_tracker_test.exe
[50/58] Linking C executable bin\zr_vm_language_server_semantic_analyzer_test.exe
[51/58] Linking C executable bin\zr_vm_thread_runtime_test.exe
[52/58] Linking C executable bin\zr_vm_language_server_incremental_parser_test.exe
[53/58] Linking C executable bin\zr_vm_language_server_lsp_interface_test.exe
[54/58] Linking C executable bin\zr_vm_language_server_lsp_language_feature_matrix_test.exe
[55/58] Linking C executable bin\zr_vm_ffi_probe.exe
[56/58] Linking C executable bin\zr_vm_ffi_test.exe
[57/58] Linking C executable bin\zr_vm_language_server_lsp_project_features_test.exe
