==========
Module System Tests
==========
Unit Test - Script Level Variables as __entry Locals
Testing Script level variables compilation:
 Testing that script-level variables are compiled as __entry function local variables
Pass - Cost Time:1.000ms - Script Level Variables as __entry Locals
----------
E:\Git\zr_vm\tests\module\test_module_system.c:8053:test_script_level_variables_as_entry_locals:PASS
Unit Test - Visibility Modifiers Parsing
Testing Visibility modifiers parsing:
 Testing parsing of pub/pri/pro visibility modifiers for variables
Pass - Cost Time:0.000ms - Visibility Modifiers Parsing
----------
E:\Git\zr_vm\tests\module\test_module_system.c:8056:test_visibility_modifiers_parsing:PASS
Unit Test - Module Export Collection
Testing Module export collection:
 Testing that pub and pro variables are collected and stored separately in module object
Pass - Cost Time:0.000ms - Module Export Collection
----------
E:\Git\zr_vm\tests\module\test_module_system.c:8059:test_module_export_collection:PASS
Unit Test - Module Cache Operations
Testing Module cache operations:
 Testing module cache lookup and add operations with path as key
Pass - Cost Time:1.000ms - Module Cache Operations
----------
E:\Git\zr_vm\tests\module\test_module_system.c:8062:test_module_cache_operations:PASS
Unit Test - Module Import Helper And Hidden zr.import
Testing module import helper and hidden zr.import:
 Testing internal module import helper loads native modules while zr.import is no longer script-visible
Pass - Cost Time:3.000ms - Module Import Helper And Hidden zr.import
----------
E:\Git\zr_vm\tests\module\test_module_system.c:8065:test_module_import_helper_and_hidden_zr_import:PASS
Unit Test - Module Cache Hit/Miss Scenarios
Testing Module cache hit/miss scenarios:
 Testing cache hit and miss scenarios
Pass - Cost Time:0.000ms - Module Cache Hit/Miss Scenarios
----------
E:\Git\zr_vm\tests\module\test_module_system.c:8068:test_module_cache_hit_miss:PASS
Unit Test - Module Visibility Access Control
Testing Module visibility access control:
 Testing that pub exports are accessible across modules, pro exports are accessible within same module library
Pass - Cost Time:0.000ms - Module Visibility Access Control
----------
E:\Git\zr_vm\tests\module\test_module_system.c:8071:test_module_visibility_access_control:PASS
Unit Test - zr Identifier Global Access and Scope Override
Testing zr identifier access:
 Testing that zr identifier is globally accessible but can be overridden by local variables
Pass - Cost Time:0.000ms - zr Identifier Global Access and Scope Override
----------
E:\Git\zr_vm\tests\module\test_module_system.c:8074:test_zr_identifier_global_access_and_scope_override:PASS
Unit Test - Path Hash Calculation
Testing Path hash calculation:
 Testing path hash calculation using xxhash
Pass - Cost Time:1.000ms - Path Hash Calculation
----------
E:\Git\zr_vm\tests\module\test_module_system.c:8077:test_path_hash_calculation:PASS
Unit Test - Complete Module Loading Flow
Testing Complete module loading flow:
 Testing complete flow: compile source -> collect exports -> create module -> cache
Pass - Cost Time:0.000ms - Complete Module Loading Flow
----------
E:\Git\zr_vm\tests\module\test_module_system.c:8080:test_complete_module_loading_flow:PASS
Unit Test - Module Restores Owned Field Metadata
Testing Owned field runtime metadata:
 Testing that prototypeData loading restores struct field offsets and managed-field metadata for direct %unique/%shared fields
Pass - Cost Time:2.000ms - Module Restores Owned Field Metadata
----------
E:\Git\zr_vm\tests\module\test_module_system.c:8083:test_module_restores_owned_field_prototype_metadata:PASS
Unit Test - Module Restores Advanced OOP Runtime Descriptor Metadata
Testing Advanced OOP runtime descriptor metadata:
 Testing that module prototype materialization restores modifier flags, override chains, virtual slots, property identity, and interface contract slots
Pass - Cost Time:3.000ms - Module Restores Advanced OOP Runtime Descriptor Metadata
----------
E:\Git\zr_vm\tests\module\test_module_system.c:8086:test_module_restores_advanced_oop_runtime_descriptor_metadata:PASS
Unit Test - Source Module Exports Complex Function Graph
