    Skipping statement type 34 (not implemented yet)

═══════════════════════════════════════════════════════════════
Compiler Error
═══════════════════════════════════════════════════════════════
  Error Message: Unexpected expression type: UNKNOWN (type 56) at line 1:12. This node type should not be compiled as an expression. Please check if it was incorrectly placed in an expression context.
  Location: test.zr:1:12 - 1:37

  Error Analysis:
    - Problem: AST node type not supported in expression context
    - Root Cause: The compiler encountered a node type that cannot be compiled
                  as an expression. This may indicate a parsing error or missing
                  implementation for this node type.

  How to Fix:
  Suggestion: This AST node type is not supported in expression context.
              Possible causes:
              1. The node was incorrectly parsed or placed in the wrong context
              2. A declaration type was mistakenly used as an expression
              3. Missing implementation for this node type in ZrParser_Expression_Compile
              Check the AST structure and ensure the node is in the correct context.
═══════════════════════════════════════════════════════════════

    Compilation error at statement 0, resetting error and continuing...

=== Compilation Summary ===
Status: FAILED
Reason: Unexpected expression type: UNKNOWN (type 56) at line 1:12. This node type should not be compiled as an expression. Please check if it was incorrectly placed in an expression context.

═══════════════════════════════════════════════════════════════
Compiler Error
═══════════════════════════════════════════════════════════════
  Error Message: Type Error: Incompatible types for arithmetic operation (expected: string, actual: int). Check variable types, function signatures, and type annotations. Ensure the actual type is compatible with the expected type. Consider adding explicit type conversions if needed.
  Location: test.zr:1:52 - 1:52

  Error Analysis:
    - Problem: Type compatibility check failed
    - Root Cause: The types of operands, variables, or function arguments are
                  not compatible with the operation or assignment being performed

  How to Fix:
  Suggestion: Type mismatch detected. Check:
              1. Variable types match their assignments
              2. Function argument types match the function signature
              3. Return types match the function declaration
              4. Type annotations are correct
═══════════════════════════════════════════════════════════════

    Compilation error at statement 2, resetting error and continuing...

=== Compilation Summary ===
Status: FAILED
Reason: Type Error: Incompatible types for arithmetic operation (expected: string, actual: int). Check variable types, function signatures, and type annotations. Ensure the actual type is compatible with the expected type. Consider adding explicit type conversions if needed.
  [static_using_compile_error.zr:1:26] Field-scoped '%using' is removed; write 'var field: %unique T' or 'var field: %shared T' so ownership lives in the field type (遇到 token: 'var')
    class Holder { %using var resource: %unique Resource; }
                          ^

═══════════════════════════════════════════════════════════════
Compiler Error
═══════════════════════════════════════════════════════════════
  Error Message: Abstract classes cannot be constructed
  Location: abstract_class_new_error.zr:2:17 - 2:24

  Error Analysis:
    - Problem: Compilation error occurred
    - Root Cause: See error message above for details

  How to Fix:
═══════════════════════════════════════════════════════════════

    Compilation error at statement 1, resetting error and continuing...

=== Compilation Summary ===
Status: FAILED
Reason: Abstract classes cannot be constructed

═══════════════════════════════════════════════════════════════
Compiler Error
═══════════════════════════════════════════════════════════════
  Error Message: Cannot inherit from a final class
  Location: final_class_inheritance_error.zr:2:1 - 2:25

  Error Analysis:
    - Problem: Compilation error occurred
    - Root Cause: See error message above for details

  How to Fix:
═══════════════════════════════════════════════════════════════

    Compilation error at statement 1, resetting error and continuing...

=== Compilation Summary ===
Status: FAILED
Reason: Cannot inherit from a final class

═══════════════════════════════════════════════════════════════
Compiler Error
═══════════════════════════════════════════════════════════════
  Error Message: override target is not virtual or abstract
  Location: override_non_virtual_error.zr:5:5 - 5:43

  Error Analysis:
    - Problem: Compilation error occurred
    - Root Cause: See error message above for details

  How to Fix:
═══════════════════════════════════════════════════════════════

    Compilation error at statement 1, resetting error and continuing...

=== Compilation Summary ===
Status: FAILED
Reason: override target is not virtual or abstract

═══════════════════════════════════════════════════════════════
Compiler Error
═══════════════════════════════════════════════════════════════
  Error Message: Inherited members with the same name require explicit override or shadow
  Location: implicit_override_error.z:5:5 - 5:34

  Error Analysis:
    - Problem: Compilation error occurred
    - Root Cause: See error message above for details

  How to Fix:
═══════════════════════════════════════════════════════════════

    Compilation error at statement 1, resetting error and continuing...

=== Compilation Summary ===
Status: FAILED
Reason: Inherited members with the same name require explicit override or shadow

═══════════════════════════════════════════════════════════════
Compiler Error
═══════════════════════════════════════════════════════════════
  Error Message: Concrete class does not implement all abstract/interface members
  Location: shadow_abstract_requirement_error.zr:2:5 - 2:30

  Error Analysis:
    - Problem: Compilation error occurred
    - Root Cause: See error message above for details

  How to Fix:
═══════════════════════════════════════════════════════════════

    Compilation error at statement 1, resetting error and continuing...

=== Compilation Summary ===
Status: FAILED
Reason: Concrete class does not implement all abstract/interface members

═══════════════════════════════════════════════════════════════
Compiler Error
═══════════════════════════════════════════════════════════════
  Error Message: Concrete class does not implement all abstract/interface members
  Location: interface_missing_member_error.zr:1:26 - 2:1

  Error Analysis:
    - Problem: Compilation error occurred
    - Root Cause: See error message above for details

  How to Fix:
═══════════════════════════════════════════════════════════════

    Compilation error at statement 1, resetting error and continuing...

=== Compilation Summary ===
Status: FAILED
Reason: Concrete class does not implement all abstract/interface members
