
═══════════════════════════════════════════════════════════════
Compiler Error
═══════════════════════════════════════════════════════════════
  Error Message: Unqualified type name 'Resource' requires an explicit module qualifier or destructuring import
  Location: owned_field_semantic_test.z:1:40 - 1:48

  Error Analysis:
    - Problem: Compilation error occurred
    - Root Cause: See error message above for details

  How to Fix:
═══════════════════════════════════════════════════════════════


═══════════════════════════════════════════════════════════════
Compiler Error
═══════════════════════════════════════════════════════════════
  Error Message: Unqualified type name 'Resource' requires an explicit module qualifier or destructuring import
  Location: owned_field_semantic_test.z:2:38 - 2:46

  Error Analysis:
    - Problem: Compilation error occurred
    - Root Cause: See error message above for details

  How to Fix:
═══════════════════════════════════════════════════════════════


═══════════════════════════════════════════════════════════════
Compiler Error
═══════════════════════════════════════════════════════════════
  Error Message: Unqualified type name 'T' requires an explicit module qualifier or destructuring import
  Location: generic_signature_hover_test.z:1:30 - 1:31

  Error Analysis:
    - Problem: Compilation error occurred
    - Root Cause: See error message above for details

  How to Fix:
═══════════════════════════════════════════════════════════════


═══════════════════════════════════════════════════════════════
Compiler Error
═══════════════════════════════════════════════════════════════
  Error Message: Unqualified type name 'T' requires an explicit module qualifier or destructuring import
  Location: generic_signature_hover_test.z:1:30 - 1:31

  Error Analysis:
    - Problem: Compilation error occurred
    - Root Cause: See error message above for details

  How to Fix:
═══════════════════════════════════════════════════════════════


═══════════════════════════════════════════════════════════════
Compiler Error
═══════════════════════════════════════════════════════════════
  Error Message: Unqualified type name 'T' requires an explicit module qualifier or destructuring import
  Location: generic_signature_hover_test.z:1:26 - 1:27

  Error Analysis:
    - Problem: Compilation error occurred
    - Root Cause: See error message above for details

  How to Fix:
═══════════════════════════════════════════════════════════════


═══════════════════════════════════════════════════════════════
Compiler Error
═══════════════════════════════════════════════════════════════
  Error Message: Unqualified type name 'T' requires an explicit module qualifier or destructuring import
  Location: generic_signature_hover_test.z:1:30 - 1:31

  Error Analysis:
    - Problem: Compilation error occurred
    - Root Cause: See error message above for details

  How to Fix:
═══════════════════════════════════════════════════════════════


═══════════════════════════════════════════════════════════════
Compiler Error
═══════════════════════════════════════════════════════════════
  Error Message: Unqualified type name 'T' requires an explicit module qualifier or destructuring import
  Location: generic_signature_hover_test.z:1:26 - 1:27

  Error Analysis:
    - Problem: Compilation error occurred
    - Root Cause: See error message above for details

  How to Fix:
═══════════════════════════════════════════════════════════════


═══════════════════════════════════════════════════════════════
Compiler Error
═══════════════════════════════════════════════════════════════
  Error Message: Unqualified type name 'T' requires an explicit module qualifier or destructuring import
  Location: generic_type_signature_hover_test.zr:7:43 - 7:44

  Error Analysis:
    - Problem: Compilation error occurred
    - Root Cause: See error message above for details

  How to Fix:
═══════════════════════════════════════════════════════════════


═══════════════════════════════════════════════════════════════
Compiler Error
═══════════════════════════════════════════════════════════════
  Error Message: Unqualified type name 'Resource' requires an explicit module qualifier or destructuring import
  Location: ownership_decl_mismatch_test.zr:1:23 - 1:31

  Error Analysis:
    - Problem: Compilation error occurred
    - Root Cause: See error message above for details

  How to Fix:
═══════════════════════════════════════════════════════════════


═══════════════════════════════════════════════════════════════
Compiler Error
═══════════════════════════════════════════════════════════════
  Error Message: Unqualified type name 'Resource' requires an explicit module qualifier or destructuring import
  Location: ownership_decl_mismatch_test.zr:2:20 - 2:28

  Error Analysis:
    - Problem: Compilation error occurred
    - Root Cause: See error message above for details

  How to Fix:
═══════════════════════════════════════════════════════════════


═══════════════════════════════════════════════════════════════
Compiler Error
═══════════════════════════════════════════════════════════════
  Error Message: Unqualified type name 'Resource' requires an explicit module qualifier or destructuring import
  Location: ownership_decl_mismatch_test.zr:2:20 - 2:28

  Error Analysis:
    - Problem: Compilation error occurred
    - Root Cause: See error message above for details

  How to Fix:
═══════════════════════════════════════════════════════════════


═══════════════════════════════════════════════════════════════
Compiler Error
═══════════════════════════════════════════════════════════════
  Error Message: Unqualified type name 'Resource' requires an explicit module qualifier or destructuring import
  Location: ownership_return_mismatch_test.zr:1:46 - 1:54

  Error Analysis:
    - Problem: Compilation error occurred
    - Root Cause: See error message above for details

  How to Fix:
═══════════════════════════════════════════════════════════════


═══════════════════════════════════════════════════════════════
Compiler Error
═══════════════════════════════════════════════════════════════
  Error Message: Unqualified type name 'Resource' requires an explicit module qualifier or destructuring import
  Location: ownership_return_mismatch_test.zr:1:46 - 1:54

  Error Analysis:
    - Problem: Compilation error occurred
    - Root Cause: See error message above for details

  How to Fix:
═══════════════════════════════════════════════════════════════


═══════════════════════════════════════════════════════════════
Compiler Error
═══════════════════════════════════════════════════════════════
  Error Message: Unqualified type name 'Resource' requires an explicit module qualifier or destructuring import
  Location: ownership_return_mismatch_test.zr:1:27 - 1:35

  Error Analysis:
    - Problem: Compilation error occurred
    - Root Cause: See error message above for details

  How to Fix:
═══════════════════════════════════════════════════════════════


═══════════════════════════════════════════════════════════════
Compiler Error
═══════════════════════════════════════════════════════════════
  Error Message: Unqualified type name 'Resource' requires an explicit module qualifier or destructuring import
  Location: ownership_return_mismatch_test.zr:1:46 - 1:54

  Error Analysis:
    - Problem: Compilation error occurred
    - Root Cause: See error message above for details

  How to Fix:
═══════════════════════════════════════════════════════════════


═══════════════════════════════════════════════════════════════
Compiler Error
═══════════════════════════════════════════════════════════════
  Error Message: Unqualified type name 'Resource' requires an explicit module qualifier or destructuring import
  Location: ownership_call_mismatch_test.zr:1:27 - 1:35

  Error Analysis:
    - Problem: Compilation error occurred
    - Root Cause: See error message above for details

  How to Fix:
═══════════════════════════════════════════════════════════════


═══════════════════════════════════════════════════════════════
Compiler Error
═══════════════════════════════════════════════════════════════
  Error Message: Unqualified type name 'Resource' requires an explicit module qualifier or destructuring import
  Location: ownership_call_mismatch_test.zr:1:27 - 1:35

  Error Analysis:
    - Problem: Compilation error occurred
    - Root Cause: See error message above for details

  How to Fix:
═══════════════════════════════════════════════════════════════


═══════════════════════════════════════════════════════════════
Compiler Error
═══════════════════════════════════════════════════════════════
  Error Message: Unqualified type name 'Resource' requires an explicit module qualifier or destructuring import
  Location: ownership_call_mismatch_test.zr:3:23 - 3:31

  Error Analysis:
    - Problem: Compilation error occurred
    - Root Cause: See error message above for details

  How to Fix:
═══════════════════════════════════════════════════════════════


═══════════════════════════════════════════════════════════════
Compiler Error
═══════════════════════════════════════════════════════════════
  Error Message: Unqualified type name 'Resource' requires an explicit module qualifier or destructuring import
  Location: ownership_call_mismatch_test.zr:3:23 - 3:31

  Error Analysis:
    - Problem: Compilation error occurred
    - Root Cause: See error message above for details

  How to Fix:
═══════════════════════════════════════════════════════════════


═══════════════════════════════════════════════════════════════
Compiler Error
═══════════════════════════════════════════════════════════════
  Error Message: Unqualified type name 'Resource' requires an explicit module qualifier or destructuring import
  Location: ownership_call_mismatch_test.zr:1:27 - 1:35

  Error Analysis:
    - Problem: Compilation error occurred
    - Root Cause: See error message above for details

  How to Fix:
═══════════════════════════════════════════════════════════════


═══════════════════════════════════════════════════════════════
Compiler Error
═══════════════════════════════════════════════════════════════
  Error Message: Unqualified type name 'Resource' requires an explicit module qualifier or destructuring import
  Location: ownership_method_call_mismatch_test.zr:2:31 - 2:39

  Error Analysis:
    - Problem: Compilation error occurred
    - Root Cause: See error message above for details

  How to Fix:
═══════════════════════════════════════════════════════════════


═══════════════════════════════════════════════════════════════
Compiler Error
═══════════════════════════════════════════════════════════════
  Error Message: Unqualified type name 'Resource' requires an explicit module qualifier or destructuring import
  Location: ownership_method_call_mismatch_test.zr:6:41 - 6:49

  Error Analysis:
    - Problem: Compilation error occurred
    - Root Cause: See error message above for details

  How to Fix:
═══════════════════════════════════════════════════════════════


═══════════════════════════════════════════════════════════════
Compiler Error
═══════════════════════════════════════════════════════════════
  Error Message: Unqualified type name 'Resource' requires an explicit module qualifier or destructuring import
  Location: ownership_method_call_mismatch_test.zr:6:41 - 6:49

  Error Analysis:
    - Problem: Compilation error occurred
    - Root Cause: See error message above for details

  How to Fix:
═══════════════════════════════════════════════════════════════


═══════════════════════════════════════════════════════════════
Compiler Error
═══════════════════════════════════════════════════════════════
  Error Message: Unqualified type name 'Resource' requires an explicit module qualifier or destructuring import
  Location: ownership_method_call_mismatch_test.zr:2:31 - 2:39

  Error Analysis:
    - Problem: Compilation error occurred
    - Root Cause: See error message above for details

  How to Fix:
═══════════════════════════════════════════════════════════════

  [invalid_ffi_decorator_test.zr:9:21] Expected type name (遇到 token: 'out')
       delegate MutPtr(         #zr.ffi.out#
                                        ^

═══════════════════════════════════════════════════════════════
Compiler Error
═══════════════════════════════════════════════════════════════
  Error Message: Unqualified type name 'pointer' requires an explicit module qualifier or destructuring import
  Location: invalid_ffi_decorator_test.zr:11:23 - 12:7

  Error Analysis:
    - Problem: Compilation error occurred
    - Root Cause: See error message above for details

  How to Fix:
═══════════════════════════════════════════════════════════════

