Unit Test - Container Runtime - Fixed Array Supports Mutation And Iteration
Pass - Cost Time:2.000ms - Container Runtime - Fixed Array Supports Mutation And Iteration
----------
E:\Git\zr_vm\tests\container\test_container_runtime.c:1762:test_container_fixed_array_runtime_supports_mutation_and_iteration:PASS
Unit Test - Container Runtime - Fixed Array Reiterates Managed Elements Without Corrupting Iterator State
Pass - Cost Time:1.000ms - Container Runtime - Fixed Array Reiterates Managed Elements Without Corrupting Iterator State
----------
E:\Git\zr_vm\tests\container\test_container_runtime.c:1763:test_container_fixed_array_runtime_reiterates_managed_elements_without_corrupting_iterator_state:PASS
Unit Test - Container Runtime - Fixed Array Supports Nested Independent Managed Iterators
Pass - Cost Time:2.000ms - Container Runtime - Fixed Array Supports Nested Independent Managed Iterators
----------
E:\Git\zr_vm\tests\container\test_container_runtime.c:1764:test_container_fixed_array_runtime_supports_nested_independent_managed_iterators:PASS
Unit Test - Container Runtime - Fixed Array Foreach Preserves Numeric Items Across Helper Calls
Pass - Cost Time:1.000ms - Container Runtime - Fixed Array Foreach Preserves Numeric Items Across Helper Calls
----------
E:\Git\zr_vm\tests\container\test_container_runtime.c:1765:test_container_fixed_array_runtime_preserves_numeric_items_across_helper_calls:PASS
Unit Test - Container Runtime - Array Supports Capacity Growth And Structural Equality
Pass - Cost Time:7.000ms - Container Runtime - Array Supports Capacity Growth And Structural Equality
----------
E:\Git\zr_vm\tests\container\test_container_runtime.c:1766:test_container_array_runtime_supports_capacity_growth_and_structural_equality:PASS
Unit Test - Container Runtime - Array Constructor Populates Hidden Items Cache For Direct Execution
Pass - Cost Time:5.000ms - Container Runtime - Array Constructor Populates Hidden Items Cache For Direct Execution
----------
E:\Git\zr_vm\tests\container\test_container_runtime.c:1767:test_container_array_runtime_constructor_populates_hidden_items_cache_for_direct_execution:PASS
Unit Test - Container Runtime - Array Clear Preserves Capacity And Missing Item Returns Null
Pass - Cost Time:6.000ms - Container Runtime - Array Clear Preserves Capacity And Missing Item Returns Null
----------
E:\Git\zr_vm\tests\container\test_container_runtime.c:1768:test_container_array_runtime_clear_preserves_capacity_and_missing_item_returns_null:PASS
Unit Test - Container Runtime - Array Set Item Preserves Object Payloads
Pass - Cost Time:5.000ms - Container Runtime - Array Set Item Preserves Object Payloads
----------
E:\Git\zr_vm\tests\container\test_container_runtime.c:1769:test_container_array_runtime_set_item_preserves_object_payloads:PASS
Unit Test - Container Runtime - Array Accepts Unary Negation In Constructor Arguments
Pass - Cost Time:6.000ms - Container Runtime - Array Accepts Unary Negation In Constructor Arguments
----------
E:\Git\zr_vm\tests\container\test_container_runtime.c:1770:test_container_array_runtime_accepts_unary_negation_in_constructor_arguments:PASS
Unit Test - Container Runtime - Array Rejects Negative Capacity
Pass - Cost Time:6.000ms - Container Runtime - Array Rejects Negative Capacity
----------
E:\Git\zr_vm\tests\container\test_container_runtime.c:1771:test_container_array_runtime_rejects_negative_capacity:PASS
Unit Test - Container Runtime - Array Rejects Invalid Indexes
Pass - Cost Time:9.000ms - Container Runtime - Array Rejects Invalid Indexes
----------
E:\Git\zr_vm\tests\container\test_container_runtime.c:1772:test_container_array_runtime_rejects_invalid_indexes:PASS
Unit Test - Container Runtime - Map Supports Pair Keys And Value Overwrite
Pass - Cost Time:6.000ms - Container Runtime - Map Supports Pair Keys And Value Overwrite
----------
E:\Git\zr_vm\tests\container\test_container_runtime.c:1773:test_container_map_runtime_supports_pair_keys_and_value_overwrite:PASS
Unit Test - Container Runtime - Map Computed Access Beats Prototype Method Names
Pass - Cost Time:6.000ms - Container Runtime - Map Computed Access Beats Prototype Method Names
----------
E:\Git\zr_vm\tests\container\test_container_runtime.c:1774:test_container_map_runtime_computed_access_beats_prototype_method_names:PASS
Unit Test - Container Runtime - Map Iterator Aggregates Pairs Without Order Assumptions
Pass - Cost Time:6.000ms - Container Runtime - Map Iterator Aggregates Pairs Without Order Assumptions
----------
E:\Git\zr_vm\tests\container\test_container_runtime.c:1775:test_container_map_runtime_iterator_aggregates_pairs_without_order_assumptions:PASS
Unit Test - Container Runtime - Set Enforces Pair Uniqueness
Pass - Cost Time:7.000ms - Container Runtime - Set Enforces Pair Uniqueness
----------
E:\Git\zr_vm\tests\container\test_container_runtime.c:1776:test_container_set_runtime_enforces_pair_uniqueness:PASS
Unit Test - Container Runtime - Pair Exposes Value Semantics
Pass - Cost Time:8.000ms - Container Runtime - Pair Exposes Value Semantics
----------
E:\Git\zr_vm\tests\container\test_container_runtime.c:1777:test_container_pair_runtime_exposes_value_semantics:PASS
Unit Test - Container Runtime - LinkedList Detaches Removed And Cleared Nodes
Pass - Cost Time:7.000ms - Container Runtime - LinkedList Detaches Removed And Cleared Nodes
----------
E:\Git\zr_vm\tests\container\test_container_runtime.c:1778:test_container_linked_list_runtime_detaches_removed_and_cleared_nodes:PASS
Unit Test - Container Runtime - LinkedList Empty Removals Return Null
Pass - Cost Time:6.000ms - Container Runtime - LinkedList Empty Removals Return Null
----------
E:\Git\zr_vm\tests\container\test_container_runtime.c:1779:test_container_linked_list_runtime_empty_removals_return_null:PASS
Unit Test - Container Runtime - LinkedList RemoveFirst Preserves Pair Values Across Typed Function Boundary
Pass - Cost Time:7.000ms - Container Runtime - LinkedList RemoveFirst Preserves Pair Values Across Typed Function Boundary
----------
E:\Git\zr_vm\tests\container\test_container_runtime.c:1780:test_container_linked_list_runtime_remove_first_preserves_pair_values_across_typed_function_boundary:PASS
Unit Test - Container Runtime - Set To Map Composite Preserves Bucket Values
Pass - Cost Time:11.000ms - Container Runtime - Set To Map Composite Preserves Bucket Values
----------
E:\Git\zr_vm\tests\container\test_container_runtime.c:1781:test_container_set_to_map_runtime_preserves_bucket_values_in_fresh_state:PASS
Unit Test - Container Runtime - Inline Pair Constructor Argument Preserves Payload
Pass - Cost Time:7.000ms - Container Runtime - Inline Pair Constructor Argument Preserves Payload
----------
E:\Git\zr_vm\tests\container\test_container_runtime.c:1782:test_container_array_runtime_inline_pair_constructor_argument_preserves_payload:PASS
Unit Test - Container Runtime - Linked Set Map Composite Preserves Native Call Arguments
Pass - Cost Time:13.000ms - Container Runtime - Linked Set Map Composite Preserves Native Call Arguments
----------
E:\Git\zr_vm\tests\container\test_container_runtime.c:1783:test_container_linked_set_map_runtime_preserves_native_call_arguments_in_fresh_state:PASS
Unit Test - Reference Object Fixture - Member And String Index Stay Separate
Pass - Cost Time:6.000ms - Reference Object Fixture - Member And String Index Stay Separate
----------
E:\Git\zr_vm\tests\container\test_container_runtime.c:1784:test_reference_object_member_vs_string_index_fixture_separates_member_and_index_contracts:PASS
Unit Test - Reference Object Fixture - Missing Member Stays Distinct From Missing Key
Pass - Cost Time:1.000ms - Reference Object Fixture - Missing Member Stays Distinct From Missing Key
----------
E:\Git\zr_vm\tests\container\test_container_runtime.c:1785:test_reference_object_missing_member_vs_missing_key_fixture_preserves_member_error_boundary:PASS
Unit Test - Reference Object Fixture - Array Map Plain Object Keep Index Semantics
Pass - Cost Time:7.000ms - Reference Object Fixture - Array Map Plain Object Keep Index Semantics
----------
E:\Git\zr_vm\tests\container\test_container_runtime.c:1786:test_reference_object_array_map_plain_index_fixture_keeps_contract_specific_miss_semantics:PASS
Unit Test - Reference Object Fixture - Property Getter Setter Keep Contract Precedence
Pass - Cost Time:4.000ms - Reference Object Fixture - Property Getter Setter Keep Contract Precedence
----------
E:\Git\zr_vm\tests\container\test_container_runtime.c:1787:test_reference_object_property_fixture_prefers_getter_and_setter_contracts:PASS
Unit Test - Reference Protocol Fixture - Foreach Lowers To Iterator Contracts
Pass - Cost Time:1.000ms - Reference Protocol Fixture - Foreach Lowers To Iterator Contracts
----------
E:\Git\zr_vm\tests\container\test_container_runtime.c:1788:test_reference_protocols_foreach_fixture_lowers_to_iter_contract_opcodes:PASS
Unit Test - Reference Protocol Fixture - Empty Iterator Stays Stable
Pass - Cost Time:5.000ms - Reference Protocol Fixture - Empty Iterator Stays Stable
----------
E:\Git\zr_vm\tests\container\test_container_runtime.c:1789:test_reference_protocols_empty_iterator_fixture_keeps_zero_body_execution_stable:PASS
Unit Test - Reference Protocol Fixture - Singleton Iterator Yields Once Per Pass
Pass - Cost Time:1.000ms - Reference Protocol Fixture - Singleton Iterator Yields Once Per Pass
----------
E:\Git\zr_vm\tests\container\test_container_runtime.c:1790:test_reference_protocols_singleton_iterator_fixture_yields_once_per_pass:PASS
Unit Test - Reference Protocol Fixture - Nested Foreach Keeps Iterators Independent
Pass - Cost Time:1.000ms - Reference Protocol Fixture - Nested Foreach Keeps Iterators Independent
----------
E:\Git\zr_vm\tests\container\test_container_runtime.c:1791:test_reference_protocols_nested_foreach_fixture_keeps_iterators_independent:PASS
Unit Test - Reference Protocol Fixture - Comparable And Hashable Stay Consistent
Pass - Cost Time:8.000ms - Reference Protocol Fixture - Comparable And Hashable Stay Consistent
----------
E:\Git\zr_vm\tests\container\test_container_runtime.c:1792:test_reference_protocols_comparable_hashable_fixture_preserves_container_consistency:PASS
Unit Test - Container Runtime - Native Binding Temp Roots Preserve GC Object Values Without Extra Pin Scope
Pass - Cost Time:0.000ms - Container Runtime - Native Binding Temp Roots Preserve GC Object Values Without Extra Pin Scope
----------
E:\Git\zr_vm\tests\container\test_container_runtime.c:1793:test_container_native_binding_temp_roots_preserve_gc_object_values_without_extra_pin_scope:PASS
Unit Test - Container Runtime - Bulk Super Array Helpers Preserve Existing Prefixes
Pass - Cost Time:4.000ms - Container Runtime - Bulk Super Array Helpers Preserve Existing Prefixes
----------
E:\Git\zr_vm\tests\container\test_container_runtime.c:1794:test_container_array_runtime_bulk_super_array_helpers_preserve_existing_prefixes:PASS
Unit Test - Container Runtime - Bulk Super Array Fill Keeps Dense Bucket Capacity Aligned With Cached Capacity
Pass - Cost Time:4.000ms - Container Runtime - Bulk Super Array Fill Keeps Dense Bucket Capacity Aligned With Cached Capacity
----------
E:\Git\zr_vm\tests\container\test_container_runtime.c:1795:test_container_array_runtime_bulk_super_array_fill_keeps_dense_bucket_capacity_aligned_with_cached_capacity:PASS
Unit Test - Container Runtime - Bulk Super Array Fill Grows Pair Pool To Length Before Bucket Capacity
Pass - Cost Time:4.000ms - Container Runtime - Bulk Super Array Fill Grows Pair Pool To Length Before Bucket Capacity
----------
E:\Git\zr_vm\tests\container\test_container_runtime.c:1796:test_container_array_runtime_bulk_super_array_fill_grows_pair_pool_to_length_before_bucket_capacity:PASS

-----------------------
35 Tests 0 Failures 0 Ignored 
OK
