
═══════════════════════════════════════════════════════════════
Compiler Error
═══════════════════════════════════════════════════════════════
  Error Message: Unqualified type name 'T' requires an explicit module qualifier or destructuring import
  Location: file:///closed_generic_signature_help.zr:3:59 - 3:60

  Error Analysis:
    - Problem: Compilation error occurred
    - Root Cause: See error message above for details

  How to Fix:
═══════════════════════════════════════════════════════════════


═══════════════════════════════════════════════════════════════
Compiler Error
═══════════════════════════════════════════════════════════════
  Error Message: Unqualified type name 'T' requires an explicit module qualifier or destructuring import
  Location: file:///closed_generic_signature_help.zr:3:44 - 3:45

  Error Analysis:
    - Problem: Compilation error occurred
    - Root Cause: See error message above for details

  How to Fix:
═══════════════════════════════════════════════════════════════


═══════════════════════════════════════════════════════════════
Compiler Error
═══════════════════════════════════════════════════════════════
  Error Message: No matching overload for function 'NativeAdd'
  Location: file:///extern_function_navigation.zr:6:12 - 6:21

  Error Analysis:
    - Problem: Compilation error occurred
    - Root Cause: See error message above for details

  How to Fix:
═══════════════════════════════════════════════════════════════


═══════════════════════════════════════════════════════════════
Compiler Error
═══════════════════════════════════════════════════════════════
  Error Message: Unqualified type name 'Callback' requires an explicit module qualifier or destructuring import
  Location: file:///extern_type_symbols.zr:12:16 - 12:24

  Error Analysis:
    - Problem: Compilation error occurred
    - Root Cause: See error message above for details

  How to Fix:
═══════════════════════════════════════════════════════════════


═══════════════════════════════════════════════════════════════
Compiler Error
═══════════════════════════════════════════════════════════════
  Error Message: Unqualified type name 'Callback' requires an explicit module qualifier or destructuring import
  Location: file:///extern_type_symbols.zr:12:16 - 12:24

  Error Analysis:
    - Problem: Compilation error occurred
    - Root Cause: See error message above for details

  How to Fix:
═══════════════════════════════════════════════════════════════


═══════════════════════════════════════════════════════════════
Compiler Error
═══════════════════════════════════════════════════════════════
  Error Message: Unqualified type name 'Callback' requires an explicit module qualifier or destructuring import
  Location: file:///extern_type_symbols.zr:12:16 - 12:24

  Error Analysis:
    - Problem: Compilation error occurred
    - Root Cause: See error message above for details

  How to Fix:
═══════════════════════════════════════════════════════════════


═══════════════════════════════════════════════════════════════
Compiler Error
═══════════════════════════════════════════════════════════════
  Error Message: Unqualified type name 'Callback' requires an explicit module qualifier or destructuring import
  Location: file:///extern_type_symbols.zr:12:16 - 12:24

  Error Analysis:
    - Problem: Compilation error occurred
    - Root Cause: See error message above for details

  How to Fix:
═══════════════════════════════════════════════════════════════


═══════════════════════════════════════════════════════════════
Compiler Error
═══════════════════════════════════════════════════════════════
  Error Message: failed to load import metadata for module 'graph_binary_stage'
  Location: unknown:0:0 - 0:0

  Error Analysis:
    - Problem: Compilation error occurred
    - Root Cause: See error message above for details

  How to Fix:
═══════════════════════════════════════════════════════════════


═══════════════════════════════════════════════════════════════
Compiler Error
═══════════════════════════════════════════════════════════════
  Error Message: failed to load import metadata for module 'graph_binary_stage'
  Location: unknown:0:0 - 0:0

  Error Analysis:
    - Problem: Compilation error occurred
    - Root Cause: See error message above for details

  How to Fix:
═══════════════════════════════════════════════════════════════


═══════════════════════════════════════════════════════════════
Compiler Error
═══════════════════════════════════════════════════════════════
  Error Message: failed to load import metadata for module 'graph_binary_stage'
  Location: unknown:0:0 - 0:0

  Error Analysis:
    - Problem: Compilation error occurred
    - Root Cause: See error message above for details

  How to Fix:
═══════════════════════════════════════════════════════════════


═══════════════════════════════════════════════════════════════
Compiler Error
═══════════════════════════════════════════════════════════════
  Error Message: failed to load import metadata for module 'graph_binary_stage'
  Location: unknown:0:0 - 0:0

  Error Analysis:
    - Problem: Compilation error occurred
    - Root Cause: See error message above for details

  How to Fix:
═══════════════════════════════════════════════════════════════

