Unit Test - Access Lowering Preserves Explicit Member And Index Ops
Testing access/meta execbc pipeline:
 Testing that dot and bracket access stay as explicit member/index opcodes and do not quicken back into legacy dynamic instructions
Pass - Cost Time:1.000ms - Access Lowering Preserves Explicit Member And Index Ops
----------
E:\Git\zr_vm\tests\parser\test_execbc_aot_pipeline.c:7249:test_access_lowering_preserves_explicit_member_and_index_ops:PASS
Unit Test - AOT Backends Preserve Runtime Contract Artifacts Under Strict AOT C
Testing aot artifact emission:
 Testing that SemIR, AOT C, and AOT LLVM all keep runtime contract evidence while strict AOT C lowers indexed access directly without shim-backed fallback
Pass - Cost Time:7.000ms - AOT Backends Preserve Runtime Contract Artifacts Under Strict AOT C
----------
E:\Git\zr_vm\tests\parser\test_execbc_aot_pipeline.c:7250:test_aot_backends_preserve_runtime_contract_artifacts_under_strict_aot_c:PASS
Unit Test - AOT C Backend Emits Child Thunks For Callable Constants
Testing aot c child thunk emission:
 Testing that callable constants such as exported lambdas receive their own generated AOT thunks instead of being folded into the entry thunk only
Pass - Cost Time:12.000ms - AOT C Backend Emits Child Thunks For Callable Constants
----------
E:\Git\zr_vm\tests\parser\test_execbc_aot_pipeline.c:7251:test_aot_c_backend_emits_child_thunks_for_callable_constants:PASS
Unit Test - AOT LLVM Backend Lowers Simple Entry Execution Path
Testing aot llvm simple lowering:
 Testing that simple LLVM AOT output lowers the actual constant+return execution path instead of routing the generated function body to unsupported placeholders
Pass - Cost Time:8.000ms - AOT LLVM Backend Lowers Simple Entry Execution Path
----------
E:\Git\zr_vm\tests\parser\test_execbc_aot_pipeline.c:7252:test_aot_llvm_backend_lowers_simple_entry_execution_path:PASS
Unit Test - AOT LLVM Backend Lowers Static Direct Call Protocol
Testing aot llvm static direct calls:
 Testing that LLVM AOT lowers callable constants through the formal static direct-call frame protocol instead of generic unsupported placeholders
Pass - Cost Time:8.000ms - AOT LLVM Backend Lowers Static Direct Call Protocol
----------
E:\Git\zr_vm\tests\parser\test_execbc_aot_pipeline.c:7253:test_aot_llvm_backend_lowers_static_direct_call_protocol:PASS
Unit Test - AOT LLVM Backend Lowers Closure Capture Access
Testing aot llvm closure captures:
 Testing that LLVM AOT lowers closure-capture reads through the generated closure-value runtime protocol instead of immediately reporting unsupported GETUPVAL instructions
Pass - Cost Time:9.000ms - AOT LLVM Backend Lowers Closure Capture Access
----------
E:\Git\zr_vm\tests\parser\test_execbc_aot_pipeline.c:7254:test_aot_llvm_backend_lowers_closure_capture_access:PASS
Unit Test - AOT LLVM Backend Lowers Object Creation Path
Testing aot llvm create object:
 Testing that LLVM AOT lowers CREATE_OBJECT through the generated object-allocation runtime helper instead of emitting an immediate unsupported sink
Pass - Cost Time:8.000ms - AOT LLVM Backend Lowers Object Creation Path
----------
E:\Git\zr_vm\tests\parser\test_execbc_aot_pipeline.c:7255:test_aot_llvm_backend_lowers_object_creation_path:PASS
Unit Test - AOT LLVM Backend Lowers ToObject With Runtime Helper
Testing aot llvm to_object lowering:
 Testing that LLVM true AOT lowers TO_OBJECT instructions through the dedicated runtime helper instead of emitting unsupported sinks for class/object conversions
Pass - Cost Time:13.000ms - AOT LLVM Backend Lowers ToObject With Runtime Helper
----------
E:\Git\zr_vm\tests\parser\test_execbc_aot_pipeline.c:7256:test_aot_llvm_backend_lowers_to_object_with_runtime_helper:PASS
Unit Test - AOT C Backend Emits Native Entry Descriptor Instead Of Shim Invoke
Testing aot c native entry:
 Testing that AOT C output exports the formal descriptor and no longer routes entry execution through InvokeActiveShim
Pass - Cost Time:15.000ms - AOT C Backend Emits Native Entry Descriptor Instead Of Shim Invoke
----------
E:\Git\zr_vm\tests\parser\test_execbc_aot_pipeline.c:7257:test_aot_c_backend_emits_native_entry_descriptor_instead_of_shim_invoke:PASS
Unit Test - AOT C Backend Directly Lowers Static Slot And Int Ops
Testing aot c direct static lowering:
 Testing that simple constant loads, local copies, and integer adds lower to direct generated C instead of routing through AOT runtime opcode helpers
Pass - Cost Time:10.000ms - AOT C Backend Directly Lowers Static Slot And Int Ops
----------
E:\Git\zr_vm\tests\parser\test_execbc_aot_pipeline.c:7258:test_aot_c_backend_directly_lowers_static_slot_and_int_ops:PASS
Unit Test - AOT C Backend Directly Lowers Primitive Literal Constants
Testing aot c immediate constant lowering:
 Testing that primitive literals lower to direct immediate writes in generated C instead of copying from the function constant table
